{"F:\\worker spase\\simple-web-worker\\src\\createDisposableWorker.js": {"path":"F:\\worker spase\\simple-web-worker\\src\\createDisposableWorker.js","all":false,"statementMap":{"0":{"start":{"line":1,"column":0},"end":{"line":1,"column":51}},"1":{"start":{"line":2,"column":0},"end":{"line":2,"column":44}},"2":{"start":{"line":3,"column":0},"end":{"line":3,"column":94}},"3":{"start":{"line":4,"column":0},"end":{"line":4,"column":45}},"4":{"start":{"line":5,"column":0},"end":{"line":5,"column":61}},"5":{"start":{"line":6,"column":0},"end":{"line":6,"column":26}},"6":{"start":{"line":7,"column":0},"end":{"line":7,"column":38}},"7":{"start":{"line":8,"column":0},"end":{"line":8,"column":35}},"8":{"start":{"line":9,"column":0},"end":{"line":9,"column":38}},"9":{"start":{"line":10,"column":0},"end":{"line":10,"column":27}},"10":{"start":{"line":11,"column":0},"end":{"line":11,"column":7}},"11":{"start":{"line":12,"column":0},"end":{"line":12,"column":29}},"12":{"start":{"line":13,"column":0},"end":{"line":13,"column":79}},"13":{"start":{"line":14,"column":0},"end":{"line":14,"column":38}},"14":{"start":{"line":15,"column":0},"end":{"line":15,"column":17}},"15":{"start":{"line":16,"column":0},"end":{"line":16,"column":7}},"16":{"start":{"line":17,"column":0},"end":{"line":17,"column":37}},"17":{"start":{"line":18,"column":0},"end":{"line":18,"column":6}},"18":{"start":{"line":19,"column":0},"end":{"line":19,"column":31}},"19":{"start":{"line":20,"column":0},"end":{"line":20,"column":22}},"20":{"start":{"line":21,"column":0},"end":{"line":21,"column":34}},"21":{"start":{"line":22,"column":0},"end":{"line":22,"column":3}},"22":{"start":{"line":23,"column":0},"end":{"line":23,"column":15}},"23":{"start":{"line":24,"column":0},"end":{"line":24,"column":1}}},"s":{"0":1,"1":0,"2":0,"3":0,"4":0,"5":0,"6":0,"7":0,"8":0,"9":0,"10":0,"11":0,"12":0,"13":0,"14":0,"15":0,"16":0,"17":0,"18":0,"19":0,"20":0,"21":0,"22":0,"23":0},"branchMap":{},"b":{},"fnMap":{"0":{"name":"createDisposableWorker","decl":{"start":{"line":1,"column":38},"end":{"line":24,"column":1}},"loc":{"start":{"line":1,"column":38},"end":{"line":24,"column":1}},"line":1}},"f":{"0":0}}
,"F:\\worker spase\\simple-web-worker\\src\\run.js": {"path":"F:\\worker spase\\simple-web-worker\\src\\run.js","all":false,"statementMap":{"0":{"start":{"line":1,"column":0},"end":{"line":1,"column":62}},"1":{"start":{"line":2,"column":0},"end":{"line":2,"column":65}},"2":{"start":{"line":3,"column":0},"end":{"line":3,"column":0}},"3":{"start":{"line":4,"column":0},"end":{"line":4,"column":53}},"4":{"start":{"line":5,"column":0},"end":{"line":5,"column":45}},"5":{"start":{"line":6,"column":0},"end":{"line":6,"column":57}},"6":{"start":{"line":7,"column":0},"end":{"line":7,"column":43}},"7":{"start":{"line":8,"column":0},"end":{"line":8,"column":33}},"8":{"start":{"line":9,"column":0},"end":{"line":9,"column":63}},"9":{"start":{"line":10,"column":0},"end":{"line":10,"column":21}},"10":{"start":{"line":11,"column":0},"end":{"line":11,"column":47}},"11":{"start":{"line":12,"column":0},"end":{"line":12,"column":25}},"12":{"start":{"line":13,"column":0},"end":{"line":13,"column":37}},"13":{"start":{"line":14,"column":0},"end":{"line":14,"column":29}},"14":{"start":{"line":15,"column":0},"end":{"line":15,"column":9}},"15":{"start":{"line":16,"column":0},"end":{"line":16,"column":7}},"16":{"start":{"line":17,"column":0},"end":{"line":17,"column":28}},"17":{"start":{"line":18,"column":0},"end":{"line":18,"column":39}},"18":{"start":{"line":19,"column":0},"end":{"line":19,"column":18}},"19":{"start":{"line":20,"column":0},"end":{"line":20,"column":23}},"20":{"start":{"line":21,"column":0},"end":{"line":21,"column":19}},"21":{"start":{"line":22,"column":0},"end":{"line":22,"column":8}},"22":{"start":{"line":23,"column":0},"end":{"line":23,"column":12}},"23":{"start":{"line":24,"column":0},"end":{"line":24,"column":94}},"24":{"start":{"line":25,"column":0},"end":{"line":25,"column":92}},"25":{"start":{"line":26,"column":0},"end":{"line":26,"column":33}},"26":{"start":{"line":27,"column":0},"end":{"line":27,"column":31}},"27":{"start":{"line":28,"column":0},"end":{"line":28,"column":5}},"28":{"start":{"line":29,"column":0},"end":{"line":29,"column":4}},"29":{"start":{"line":30,"column":0},"end":{"line":30,"column":1}}},"s":{"0":1,"1":1,"2":1,"3":1,"4":29,"5":29,"6":29,"7":29,"8":22,"9":22,"10":0,"11":0,"12":0,"13":0,"14":0,"15":0,"16":22,"17":22,"18":22,"19":22,"20":0,"21":22,"22":29,"23":7,"24":7,"25":7,"26":7,"27":7,"28":29,"29":29},"branchMap":{"0":{"type":"branch","line":4,"loc":{"start":{"line":4,"column":19},"end":{"line":30,"column":1}},"locations":[{"start":{"line":4,"column":19},"end":{"line":30,"column":1}}]},"1":{"type":"branch","line":4,"loc":{"start":{"line":4,"column":24},"end":{"line":4,"column":27}},"locations":[{"start":{"line":4,"column":24},"end":{"line":4,"column":27}}]},"2":{"type":"branch","line":4,"loc":{"start":{"line":4,"column":24},"end":{"line":4,"column":27}},"locations":[{"start":{"line":4,"column":24},"end":{"line":4,"column":27}}]},"3":{"type":"branch","line":4,"loc":{"start":{"line":4,"column":24},"end":{"line":4,"column":31}},"locations":[{"start":{"line":4,"column":24},"end":{"line":4,"column":31}}]},"4":{"type":"branch","line":4,"loc":{"start":{"line":4,"column":37},"end":{"line":4,"column":39}},"locations":[{"start":{"line":4,"column":37},"end":{"line":4,"column":39}}]},"5":{"type":"branch","line":4,"loc":{"start":{"line":4,"column":37},"end":{"line":4,"column":39}},"locations":[{"start":{"line":4,"column":37},"end":{"line":4,"column":39}}]},"6":{"type":"branch","line":4,"loc":{"start":{"line":4,"column":47},"end":{"line":4,"column":52}},"locations":[{"start":{"line":4,"column":47},"end":{"line":4,"column":52}}]},"7":{"type":"branch","line":7,"loc":{"start":{"line":7,"column":21},"end":{"line":29,"column":3}},"locations":[{"start":{"line":7,"column":21},"end":{"line":29,"column":3}}]},"8":{"type":"branch","line":8,"loc":{"start":{"line":8,"column":17},"end":{"line":8,"column":30}},"locations":[{"start":{"line":8,"column":17},"end":{"line":8,"column":30}}]},"9":{"type":"branch","line":8,"loc":{"start":{"line":8,"column":32},"end":{"line":23,"column":5}},"locations":[{"start":{"line":8,"column":32},"end":{"line":23,"column":5}}]},"10":{"type":"branch","line":10,"loc":{"start":{"line":10,"column":20},"end":{"line":16,"column":7}},"locations":[{"start":{"line":10,"column":20},"end":{"line":16,"column":7}}]},"11":{"type":"branch","line":23,"loc":{"start":{"line":23,"column":5},"end":{"line":28,"column":5}},"locations":[{"start":{"line":23,"column":5},"end":{"line":28,"column":5}}]},"12":{"type":"branch","line":24,"loc":{"start":{"line":24,"column":22},"end":{"line":24,"column":94}},"locations":[{"start":{"line":24,"column":22},"end":{"line":24,"column":94}}]},"13":{"type":"branch","line":25,"loc":{"start":{"line":25,"column":22},"end":{"line":25,"column":92}},"locations":[{"start":{"line":25,"column":22},"end":{"line":25,"column":92}}]},"14":{"type":"branch","line":18,"loc":{"start":{"line":18,"column":33},"end":{"line":20,"column":7}},"locations":[{"start":{"line":18,"column":33},"end":{"line":20,"column":7}}]}},"b":{"0":[29],"1":[28],"2":[28],"3":[1],"4":[11],"5":[18],"6":[0],"7":[29],"8":[25],"9":[22],"10":[0],"11":[7],"12":[4],"13":[3],"14":[22]},"fnMap":{"0":{"name":"run","decl":{"start":{"line":4,"column":19},"end":{"line":30,"column":1}},"loc":{"start":{"line":4,"column":19},"end":{"line":30,"column":1}},"line":4},"1":{"name":"resolver.promise.cancel","decl":{"start":{"line":11,"column":34},"end":{"line":15,"column":9}},"loc":{"start":{"line":11,"column":34},"end":{"line":15,"column":9}},"line":11}},"f":{"0":29,"1":0}}
,"F:\\worker spase\\simple-web-worker\\src\\utils.js": {"path":"F:\\worker spase\\simple-web-worker\\src\\utils.js","all":false,"statementMap":{"0":{"start":{"line":1,"column":0},"end":{"line":1,"column":22}},"1":{"start":{"line":2,"column":0},"end":{"line":2,"column":42}},"2":{"start":{"line":3,"column":0},"end":{"line":3,"column":82}},"3":{"start":{"line":4,"column":0},"end":{"line":4,"column":0}},"4":{"start":{"line":5,"column":0},"end":{"line":5,"column":30}},"5":{"start":{"line":6,"column":0},"end":{"line":6,"column":55}},"6":{"start":{"line":7,"column":0},"end":{"line":7,"column":69}},"7":{"start":{"line":8,"column":0},"end":{"line":8,"column":1}},"8":{"start":{"line":9,"column":0},"end":{"line":9,"column":0}},"9":{"start":{"line":10,"column":0},"end":{"line":10,"column":59}},"10":{"start":{"line":11,"column":0},"end":{"line":11,"column":0}},"11":{"start":{"line":12,"column":0},"end":{"line":12,"column":34}},"12":{"start":{"line":13,"column":0},"end":{"line":13,"column":55}},"13":{"start":{"line":14,"column":0},"end":{"line":14,"column":62}},"14":{"start":{"line":15,"column":0},"end":{"line":15,"column":1}},"15":{"start":{"line":16,"column":0},"end":{"line":16,"column":0}},"16":{"start":{"line":17,"column":0},"end":{"line":17,"column":66}},"17":{"start":{"line":18,"column":0},"end":{"line":18,"column":0}},"18":{"start":{"line":19,"column":0},"end":{"line":19,"column":51}},"19":{"start":{"line":20,"column":0},"end":{"line":20,"column":38}},"20":{"start":{"line":21,"column":0},"end":{"line":21,"column":0}},"21":{"start":{"line":22,"column":0},"end":{"line":22,"column":19}},"22":{"start":{"line":23,"column":0},"end":{"line":23,"column":50}},"23":{"start":{"line":24,"column":0},"end":{"line":24,"column":63}},"24":{"start":{"line":25,"column":0},"end":{"line":25,"column":52}},"25":{"start":{"line":26,"column":0},"end":{"line":26,"column":56}},"26":{"start":{"line":27,"column":0},"end":{"line":27,"column":68}},"27":{"start":{"line":28,"column":0},"end":{"line":28,"column":1}},"28":{"start":{"line":29,"column":0},"end":{"line":29,"column":0}},"29":{"start":{"line":30,"column":0},"end":{"line":30,"column":35}},"30":{"start":{"line":31,"column":0},"end":{"line":31,"column":42}},"31":{"start":{"line":32,"column":0},"end":{"line":32,"column":52}},"32":{"start":{"line":33,"column":0},"end":{"line":33,"column":50}},"33":{"start":{"line":34,"column":0},"end":{"line":34,"column":27}},"34":{"start":{"line":35,"column":0},"end":{"line":35,"column":58}},"35":{"start":{"line":36,"column":0},"end":{"line":36,"column":37}},"36":{"start":{"line":37,"column":0},"end":{"line":37,"column":31}},"37":{"start":{"line":38,"column":0},"end":{"line":38,"column":3}},"38":{"start":{"line":39,"column":0},"end":{"line":39,"column":71}},"39":{"start":{"line":40,"column":0},"end":{"line":40,"column":14}},"40":{"start":{"line":41,"column":0},"end":{"line":41,"column":1}},"41":{"start":{"line":42,"column":0},"end":{"line":42,"column":0}},"42":{"start":{"line":43,"column":0},"end":{"line":43,"column":47}},"43":{"start":{"line":44,"column":0},"end":{"line":44,"column":81}},"44":{"start":{"line":45,"column":0},"end":{"line":45,"column":46}},"45":{"start":{"line":46,"column":0},"end":{"line":46,"column":14}},"46":{"start":{"line":47,"column":0},"end":{"line":47,"column":1}},"47":{"start":{"line":48,"column":0},"end":{"line":48,"column":0}},"48":{"start":{"line":49,"column":0},"end":{"line":49,"column":25}},"49":{"start":{"line":50,"column":0},"end":{"line":50,"column":72}},"50":{"start":{"line":51,"column":0},"end":{"line":51,"column":7}},"51":{"start":{"line":52,"column":0},"end":{"line":52,"column":126}},"52":{"start":{"line":53,"column":0},"end":{"line":53,"column":17}},"53":{"start":{"line":54,"column":0},"end":{"line":54,"column":72}},"54":{"start":{"line":55,"column":0},"end":{"line":55,"column":133}},"55":{"start":{"line":56,"column":0},"end":{"line":56,"column":5}},"56":{"start":{"line":57,"column":0},"end":{"line":57,"column":13}},"57":{"start":{"line":58,"column":0},"end":{"line":58,"column":3}},"58":{"start":{"line":59,"column":0},"end":{"line":59,"column":1}},"59":{"start":{"line":60,"column":0},"end":{"line":60,"column":0}},"60":{"start":{"line":61,"column":0},"end":{"line":61,"column":19}},"61":{"start":{"line":62,"column":0},"end":{"line":62,"column":32}},"62":{"start":{"line":63,"column":0},"end":{"line":63,"column":45}},"63":{"start":{"line":64,"column":0},"end":{"line":64,"column":40}},"64":{"start":{"line":65,"column":0},"end":{"line":65,"column":61}},"65":{"start":{"line":66,"column":0},"end":{"line":66,"column":3}},"66":{"start":{"line":67,"column":0},"end":{"line":67,"column":31}},"67":{"start":{"line":68,"column":0},"end":{"line":68,"column":1}},"68":{"start":{"line":69,"column":0},"end":{"line":69,"column":0}},"69":{"start":{"line":70,"column":0},"end":{"line":70,"column":30}},"70":{"start":{"line":71,"column":0},"end":{"line":71,"column":41}},"71":{"start":{"line":72,"column":0},"end":{"line":72,"column":10}},"72":{"start":{"line":73,"column":0},"end":{"line":73,"column":24}},"73":{"start":{"line":74,"column":0},"end":{"line":74,"column":33}},"74":{"start":{"line":75,"column":0},"end":{"line":75,"column":36}},"75":{"start":{"line":76,"column":0},"end":{"line":76,"column":40}},"76":{"start":{"line":77,"column":0},"end":{"line":77,"column":46}},"77":{"start":{"line":78,"column":0},"end":{"line":78,"column":18}},"78":{"start":{"line":79,"column":0},"end":{"line":79,"column":3}},"79":{"start":{"line":80,"column":0},"end":{"line":80,"column":34}},"80":{"start":{"line":81,"column":0},"end":{"line":81,"column":20}},"81":{"start":{"line":82,"column":0},"end":{"line":82,"column":3}},"82":{"start":{"line":83,"column":0},"end":{"line":83,"column":1}},"83":{"start":{"line":84,"column":0},"end":{"line":84,"column":1}},"84":{"start":{"line":85,"column":0},"end":{"line":85,"column":0}},"85":{"start":{"line":86,"column":0},"end":{"line":86,"column":8}},"86":{"start":{"line":87,"column":0},"end":{"line":87,"column":34}},"87":{"start":{"line":88,"column":0},"end":{"line":88,"column":46}},"88":{"start":{"line":89,"column":0},"end":{"line":89,"column":28}},"89":{"start":{"line":90,"column":0},"end":{"line":90,"column":26}},"90":{"start":{"line":91,"column":0},"end":{"line":91,"column":65}},"91":{"start":{"line":92,"column":0},"end":{"line":92,"column":5}},"92":{"start":{"line":93,"column":0},"end":{"line":93,"column":3}},"93":{"start":{"line":94,"column":0},"end":{"line":94,"column":1}},"94":{"start":{"line":95,"column":0},"end":{"line":95,"column":0}},"95":{"start":{"line":96,"column":0},"end":{"line":96,"column":8}},"96":{"start":{"line":97,"column":0},"end":{"line":97,"column":15}},"97":{"start":{"line":98,"column":0},"end":{"line":98,"column":16}},"98":{"start":{"line":99,"column":0},"end":{"line":99,"column":10}},"99":{"start":{"line":100,"column":0},"end":{"line":100,"column":8}},"100":{"start":{"line":101,"column":0},"end":{"line":101,"column":1}}},"s":{"0":1,"1":1,"2":23,"3":1,"4":1,"5":13,"6":13,"7":13,"8":1,"9":1,"10":1,"11":1,"12":7,"13":7,"14":7,"15":1,"16":1,"17":1,"18":1,"19":2,"20":1,"21":1,"22":1,"23":1,"24":1,"25":1,"26":1,"27":1,"28":1,"29":1,"30":126,"31":126,"32":126,"33":126,"34":28,"35":28,"36":18,"37":18,"38":126,"39":24,"40":24,"41":1,"42":1,"43":97,"44":97,"45":21,"46":21,"47":1,"48":1,"49":1,"50":12,"51":12,"52":12,"53":1,"54":1,"55":1,"56":0,"57":0,"58":12,"59":1,"60":1,"61":1,"62":2,"63":0,"64":0,"65":0,"66":2,"67":2,"68":1,"69":1,"70":2,"71":2,"72":2,"73":2,"74":2,"75":2,"76":2,"77":2,"78":2,"79":2,"80":2,"81":2,"82":2,"83":2,"84":1,"85":1,"86":1,"87":0,"88":0,"89":0,"90":0,"91":0,"92":0,"93":0,"94":1,"95":1,"96":1,"97":1,"98":1,"99":1,"100":1},"branchMap":{"0":{"type":"branch","line":2,"loc":{"start":{"line":2,"column":26},"end":{"line":3,"column":82}},"locations":[{"start":{"line":2,"column":26},"end":{"line":3,"column":82}}]},"1":{"type":"branch","line":2,"loc":{"start":{"line":2,"column":36},"end":{"line":3,"column":82}},"locations":[{"start":{"line":2,"column":36},"end":{"line":3,"column":82}}]},"2":{"type":"branch","line":3,"loc":{"start":{"line":3,"column":30},"end":{"line":3,"column":82}},"locations":[{"start":{"line":3,"column":30},"end":{"line":3,"column":82}}]},"3":{"type":"branch","line":3,"loc":{"start":{"line":3,"column":47},"end":{"line":3,"column":82}},"locations":[{"start":{"line":3,"column":47},"end":{"line":3,"column":82}}]},"4":{"type":"branch","line":5,"loc":{"start":{"line":5,"column":22},"end":{"line":8,"column":1}},"locations":[{"start":{"line":5,"column":22},"end":{"line":8,"column":1}}]},"5":{"type":"branch","line":6,"loc":{"start":{"line":6,"column":52},"end":{"line":7,"column":34}},"locations":[{"start":{"line":6,"column":52},"end":{"line":7,"column":34}}]},"6":{"type":"branch","line":7,"loc":{"start":{"line":7,"column":34},"end":{"line":7,"column":69}},"locations":[{"start":{"line":7,"column":34},"end":{"line":7,"column":69}}]},"7":{"type":"branch","line":10,"loc":{"start":{"line":10,"column":28},"end":{"line":10,"column":59}},"locations":[{"start":{"line":10,"column":28},"end":{"line":10,"column":59}}]},"8":{"type":"branch","line":12,"loc":{"start":{"line":12,"column":26},"end":{"line":15,"column":1}},"locations":[{"start":{"line":12,"column":26},"end":{"line":15,"column":1}}]},"9":{"type":"branch","line":13,"loc":{"start":{"line":13,"column":52},"end":{"line":14,"column":27}},"locations":[{"start":{"line":13,"column":52},"end":{"line":14,"column":27}}]},"10":{"type":"branch","line":14,"loc":{"start":{"line":14,"column":27},"end":{"line":14,"column":62}},"locations":[{"start":{"line":14,"column":27},"end":{"line":14,"column":62}}]},"11":{"type":"branch","line":17,"loc":{"start":{"line":17,"column":31},"end":{"line":17,"column":66}},"locations":[{"start":{"line":17,"column":31},"end":{"line":17,"column":66}}]},"12":{"type":"branch","line":19,"loc":{"start":{"line":19,"column":28},"end":{"line":20,"column":38}},"locations":[{"start":{"line":19,"column":28},"end":{"line":20,"column":38}}]},"13":{"type":"branch","line":19,"loc":{"start":{"line":19,"column":35},"end":{"line":20,"column":38}},"locations":[{"start":{"line":19,"column":35},"end":{"line":20,"column":38}}]},"14":{"type":"branch","line":19,"loc":{"start":{"line":19,"column":42},"end":{"line":19,"column":45}},"locations":[{"start":{"line":19,"column":42},"end":{"line":19,"column":45}}]},"15":{"type":"branch","line":19,"loc":{"start":{"line":19,"column":42},"end":{"line":19,"column":45}},"locations":[{"start":{"line":19,"column":42},"end":{"line":19,"column":45}}]},"16":{"type":"branch","line":23,"loc":{"start":{"line":23,"column":18},"end":{"line":23,"column":50}},"locations":[{"start":{"line":23,"column":18},"end":{"line":23,"column":50}}]},"17":{"type":"branch","line":24,"loc":{"start":{"line":24,"column":17},"end":{"line":24,"column":63}},"locations":[{"start":{"line":24,"column":17},"end":{"line":24,"column":63}}]},"18":{"type":"branch","line":24,"loc":{"start":{"line":24,"column":34},"end":{"line":24,"column":62}},"locations":[{"start":{"line":24,"column":34},"end":{"line":24,"column":62}}]},"19":{"type":"branch","line":25,"loc":{"start":{"line":25,"column":18},"end":{"line":25,"column":52}},"locations":[{"start":{"line":25,"column":18},"end":{"line":25,"column":52}}]},"20":{"type":"branch","line":26,"loc":{"start":{"line":26,"column":21},"end":{"line":26,"column":56}},"locations":[{"start":{"line":26,"column":21},"end":{"line":26,"column":56}}]},"21":{"type":"branch","line":27,"loc":{"start":{"line":27,"column":18},"end":{"line":27,"column":68}},"locations":[{"start":{"line":27,"column":18},"end":{"line":27,"column":68}}]},"22":{"type":"branch","line":27,"loc":{"start":{"line":27,"column":35},"end":{"line":27,"column":68}},"locations":[{"start":{"line":27,"column":35},"end":{"line":27,"column":68}}]},"23":{"type":"branch","line":30,"loc":{"start":{"line":30,"column":19},"end":{"line":41,"column":1}},"locations":[{"start":{"line":30,"column":19},"end":{"line":41,"column":1}}]},"24":{"type":"branch","line":30,"loc":{"start":{"line":30,"column":26},"end":{"line":41,"column":1}},"locations":[{"start":{"line":30,"column":26},"end":{"line":41,"column":1}}]},"25":{"type":"branch","line":31,"loc":{"start":{"line":31,"column":23},"end":{"line":31,"column":42}},"locations":[{"start":{"line":31,"column":23},"end":{"line":31,"column":42}}]},"26":{"type":"branch","line":32,"loc":{"start":{"line":32,"column":-2},"end":{"line":32,"column":28}},"locations":[{"start":{"line":32,"column":-2},"end":{"line":32,"column":28}}]},"27":{"type":"branch","line":32,"loc":{"start":{"line":32,"column":28},"end":{"line":32,"column":52}},"locations":[{"start":{"line":32,"column":28},"end":{"line":32,"column":52}}]},"28":{"type":"branch","line":33,"loc":{"start":{"line":33,"column":-2},"end":{"line":33,"column":25}},"locations":[{"start":{"line":33,"column":-2},"end":{"line":33,"column":25}}]},"29":{"type":"branch","line":33,"loc":{"start":{"line":33,"column":25},"end":{"line":33,"column":50}},"locations":[{"start":{"line":33,"column":25},"end":{"line":33,"column":50}}]},"30":{"type":"branch","line":34,"loc":{"start":{"line":34,"column":-2},"end":{"line":34,"column":26}},"locations":[{"start":{"line":34,"column":-2},"end":{"line":34,"column":26}}]},"31":{"type":"branch","line":34,"loc":{"start":{"line":34,"column":26},"end":{"line":38,"column":3}},"locations":[{"start":{"line":34,"column":26},"end":{"line":38,"column":3}}]},"32":{"type":"branch","line":35,"loc":{"start":{"line":35,"column":24},"end":{"line":35,"column":44}},"locations":[{"start":{"line":35,"column":24},"end":{"line":35,"column":44}}]},"33":{"type":"branch","line":35,"loc":{"start":{"line":35,"column":46},"end":{"line":35,"column":58}},"locations":[{"start":{"line":35,"column":46},"end":{"line":35,"column":58}}]},"34":{"type":"branch","line":36,"loc":{"start":{"line":36,"column":-2},"end":{"line":36,"column":26}},"locations":[{"start":{"line":36,"column":-2},"end":{"line":36,"column":26}}]},"35":{"type":"branch","line":36,"loc":{"start":{"line":36,"column":26},"end":{"line":36,"column":37}},"locations":[{"start":{"line":36,"column":26},"end":{"line":36,"column":37}}]},"36":{"type":"branch","line":37,"loc":{"start":{"line":37,"column":-2},"end":{"line":38,"column":3}},"locations":[{"start":{"line":37,"column":-2},"end":{"line":38,"column":3}}]},"37":{"type":"branch","line":38,"loc":{"start":{"line":38,"column":2},"end":{"line":39,"column":11}},"locations":[{"start":{"line":38,"column":2},"end":{"line":39,"column":11}}]},"38":{"type":"branch","line":39,"loc":{"start":{"line":39,"column":11},"end":{"line":39,"column":49}},"locations":[{"start":{"line":39,"column":11},"end":{"line":39,"column":49}}]},"39":{"type":"branch","line":39,"loc":{"start":{"line":39,"column":48},"end":{"line":41,"column":1}},"locations":[{"start":{"line":39,"column":48},"end":{"line":41,"column":1}}]},"40":{"type":"branch","line":43,"loc":{"start":{"line":43,"column":16},"end":{"line":47,"column":1}},"locations":[{"start":{"line":43,"column":16},"end":{"line":47,"column":1}}]},"41":{"type":"branch","line":43,"loc":{"start":{"line":43,"column":28},"end":{"line":47,"column":1}},"locations":[{"start":{"line":43,"column":28},"end":{"line":47,"column":1}}]},"42":{"type":"branch","line":43,"loc":{"start":{"line":43,"column":34},"end":{"line":43,"column":41}},"locations":[{"start":{"line":43,"column":34},"end":{"line":43,"column":41}}]},"43":{"type":"branch","line":44,"loc":{"start":{"line":44,"column":28},"end":{"line":45,"column":35}},"locations":[{"start":{"line":44,"column":28},"end":{"line":45,"column":35}}]},"44":{"type":"branch","line":44,"loc":{"start":{"line":44,"column":28},"end":{"line":44,"column":81}},"locations":[{"start":{"line":44,"column":28},"end":{"line":44,"column":81}}]},"45":{"type":"branch","line":45,"loc":{"start":{"line":45,"column":-2},"end":{"line":45,"column":35}},"locations":[{"start":{"line":45,"column":-2},"end":{"line":45,"column":35}}]},"46":{"type":"branch","line":45,"loc":{"start":{"line":45,"column":35},"end":{"line":45,"column":46}},"locations":[{"start":{"line":45,"column":35},"end":{"line":45,"column":46}}]},"47":{"type":"branch","line":46,"loc":{"start":{"line":46,"column":-2},"end":{"line":47,"column":1}},"locations":[{"start":{"line":46,"column":-2},"end":{"line":47,"column":1}}]},"48":{"type":"branch","line":44,"loc":{"start":{"line":44,"column":46},"end":{"line":44,"column":81}},"locations":[{"start":{"line":44,"column":46},"end":{"line":44,"column":81}}]},"49":{"type":"branch","line":50,"loc":{"start":{"line":50,"column":22},"end":{"line":59,"column":1}},"locations":[{"start":{"line":50,"column":22},"end":{"line":59,"column":1}}]},"50":{"type":"branch","line":50,"loc":{"start":{"line":50,"column":33},"end":{"line":50,"column":38}},"locations":[{"start":{"line":50,"column":33},"end":{"line":50,"column":38}}]},"51":{"type":"branch","line":50,"loc":{"start":{"line":50,"column":38},"end":{"line":50,"column":40}},"locations":[{"start":{"line":50,"column":38},"end":{"line":50,"column":40}}]},"52":{"type":"branch","line":50,"loc":{"start":{"line":50,"column":59},"end":{"line":50,"column":64}},"locations":[{"start":{"line":50,"column":59},"end":{"line":50,"column":64}}]},"53":{"type":"branch","line":50,"loc":{"start":{"line":50,"column":64},"end":{"line":50,"column":71}},"locations":[{"start":{"line":50,"column":64},"end":{"line":50,"column":71}}]},"54":{"type":"branch","line":53,"loc":{"start":{"line":53,"column":4},"end":{"line":58,"column":3}},"locations":[{"start":{"line":53,"column":4},"end":{"line":58,"column":3}}]},"55":{"type":"branch","line":56,"loc":{"start":{"line":56,"column":4},"end":{"line":58,"column":3}},"locations":[{"start":{"line":56,"column":4},"end":{"line":58,"column":3}}]},"56":{"type":"branch","line":62,"loc":{"start":{"line":62,"column":25},"end":{"line":68,"column":1}},"locations":[{"start":{"line":62,"column":25},"end":{"line":68,"column":1}}]},"57":{"type":"branch","line":63,"loc":{"start":{"line":63,"column":44},"end":{"line":66,"column":3}},"locations":[{"start":{"line":63,"column":44},"end":{"line":66,"column":3}}]},"58":{"type":"branch","line":70,"loc":{"start":{"line":70,"column":21},"end":{"line":84,"column":1}},"locations":[{"start":{"line":70,"column":21},"end":{"line":84,"column":1}}]}},"b":{"0":[22],"1":[23],"2":[20],"3":[33],"4":[13],"5":[8],"6":[7],"7":[3],"8":[7],"9":[6],"10":[5],"11":[4],"12":[2],"13":[2],"14":[0],"15":[0],"16":[3],"17":[5],"18":[8],"19":[2],"20":[4],"21":[4],"22":[8],"23":[126],"24":[126],"25":[2],"26":[124],"27":[26],"28":[98],"29":[8],"30":[90],"31":[28],"32":[20],"33":[2],"34":[26],"35":[8],"36":[18],"37":[62],"38":[38],"39":[24],"40":[97],"41":[97],"42":[0],"43":[68],"44":[38],"45":[59],"46":[38],"47":[21],"48":[67],"49":[12],"50":[1],"51":[11],"52":[8],"53":[4],"54":[1],"55":[0],"56":[2],"57":[0],"58":[2]},"fnMap":{"0":{"name":"isValidObjectWith","decl":{"start":{"line":2,"column":26},"end":{"line":3,"column":82}},"loc":{"start":{"line":2,"column":26},"end":{"line":3,"column":82}},"line":2},"1":{"name":"isValidAction","decl":{"start":{"line":5,"column":22},"end":{"line":8,"column":1}},"loc":{"start":{"line":5,"column":22},"end":{"line":8,"column":1}},"line":5},"2":{"name":"isValidActionsArray","decl":{"start":{"line":10,"column":28},"end":{"line":10,"column":59}},"loc":{"start":{"line":10,"column":28},"end":{"line":10,"column":59}},"line":10},"3":{"name":"isValidPostParams","decl":{"start":{"line":12,"column":26},"end":{"line":15,"column":1}},"loc":{"start":{"line":12,"column":26},"end":{"line":15,"column":1}},"line":12},"4":{"name":"isValidPostParamsArray","decl":{"start":{"line":17,"column":31},"end":{"line":17,"column":66}},"loc":{"start":{"line":17,"column":31},"end":{"line":17,"column":66}},"line":17},"5":{"name":"isValidObjectsArray","decl":{"start":{"line":19,"column":28},"end":{"line":20,"column":38}},"loc":{"start":{"line":19,"column":28},"end":{"line":20,"column":38}},"line":19},"6":{"name":"actionsArray","decl":{"start":{"line":23,"column":18},"end":{"line":23,"column":50}},"loc":{"start":{"line":23,"column":18},"end":{"line":23,"column":50}},"line":23},"7":{"name":"arraysArray","decl":{"start":{"line":24,"column":17},"end":{"line":24,"column":63}},"loc":{"start":{"line":24,"column":17},"end":{"line":24,"column":63}},"line":24},"8":{"name":"objectsArray","decl":{"start":{"line":25,"column":18},"end":{"line":25,"column":52}},"loc":{"start":{"line":25,"column":18},"end":{"line":25,"column":52}},"line":25},"9":{"name":"postParamsArray","decl":{"start":{"line":26,"column":21},"end":{"line":26,"column":56}},"loc":{"start":{"line":26,"column":21},"end":{"line":26,"column":56}},"line":26},"10":{"name":"stringsArray","decl":{"start":{"line":27,"column":18},"end":{"line":27,"column":68}},"loc":{"start":{"line":27,"column":18},"end":{"line":27,"column":68}},"line":27},"11":{"name":"isValidArg","decl":{"start":{"line":30,"column":19},"end":{"line":41,"column":1}},"loc":{"start":{"line":30,"column":19},"end":{"line":41,"column":1}},"line":30},"12":{"name":"isValid","decl":{"start":{"line":43,"column":16},"end":{"line":47,"column":1}},"loc":{"start":{"line":43,"column":16},"end":{"line":47,"column":1}},"line":43},"13":{"name":"argumentError","decl":{"start":{"line":50,"column":22},"end":{"line":59,"column":1}},"loc":{"start":{"line":50,"column":22},"end":{"line":59,"column":1}},"line":50},"14":{"name":"getLocalhostPath","decl":{"start":{"line":62,"column":25},"end":{"line":68,"column":1}},"loc":{"start":{"line":62,"column":25},"end":{"line":68,"column":1}},"line":62},"15":{"name":"makeResponse","decl":{"start":{"line":70,"column":21},"end":{"line":84,"column":1}},"loc":{"start":{"line":70,"column":21},"end":{"line":84,"column":1}},"line":70},"16":{"name":"extend","decl":{"start":{"line":87,"column":15},"end":{"line":94,"column":1}},"loc":{"start":{"line":87,"column":15},"end":{"line":94,"column":1}},"line":87}},"f":{"0":22,"1":13,"2":3,"3":7,"4":4,"5":2,"6":3,"7":5,"8":2,"9":4,"10":4,"11":126,"12":97,"13":12,"14":2,"15":2,"16":0}}
,"F:\\worker spase\\simple-web-worker\\src\\tests\\unit\\ModuleRun\\CorrectCases.js": {"path":"F:\\worker spase\\simple-web-worker\\src\\tests\\unit\\ModuleRun\\CorrectCases.js","all":false,"statementMap":{"0":{"start":{"line":1,"column":0},"end":{"line":1,"column":35}},"1":{"start":{"line":2,"column":0},"end":{"line":2,"column":0}},"2":{"start":{"line":3,"column":0},"end":{"line":3,"column":41}},"3":{"start":{"line":4,"column":0},"end":{"line":4,"column":53}},"4":{"start":{"line":5,"column":0},"end":{"line":5,"column":64}},"5":{"start":{"line":6,"column":0},"end":{"line":6,"column":51}},"6":{"start":{"line":7,"column":0},"end":{"line":7,"column":81}},"7":{"start":{"line":8,"column":0},"end":{"line":8,"column":78}},"8":{"start":{"line":9,"column":0},"end":{"line":9,"column":8}},"9":{"start":{"line":10,"column":0},"end":{"line":10,"column":48}},"10":{"start":{"line":11,"column":0},"end":{"line":11,"column":61}},"11":{"start":{"line":12,"column":0},"end":{"line":12,"column":78}},"12":{"start":{"line":13,"column":0},"end":{"line":13,"column":8}},"13":{"start":{"line":14,"column":0},"end":{"line":14,"column":45}},"14":{"start":{"line":15,"column":0},"end":{"line":15,"column":54}},"15":{"start":{"line":16,"column":0},"end":{"line":16,"column":78}},"16":{"start":{"line":17,"column":0},"end":{"line":17,"column":8}},"17":{"start":{"line":18,"column":0},"end":{"line":18,"column":50}},"18":{"start":{"line":19,"column":0},"end":{"line":19,"column":36}},"19":{"start":{"line":20,"column":0},"end":{"line":20,"column":78}},"20":{"start":{"line":21,"column":0},"end":{"line":21,"column":8}},"21":{"start":{"line":22,"column":0},"end":{"line":22,"column":50}},"22":{"start":{"line":23,"column":0},"end":{"line":23,"column":24}},"23":{"start":{"line":24,"column":0},"end":{"line":24,"column":78}},"24":{"start":{"line":25,"column":0},"end":{"line":25,"column":8}},"25":{"start":{"line":26,"column":0},"end":{"line":26,"column":51}},"26":{"start":{"line":27,"column":0},"end":{"line":27,"column":56}},"27":{"start":{"line":28,"column":0},"end":{"line":28,"column":78}},"28":{"start":{"line":29,"column":0},"end":{"line":29,"column":8}},"29":{"start":{"line":30,"column":0},"end":{"line":30,"column":50}},"30":{"start":{"line":31,"column":0},"end":{"line":31,"column":37}},"31":{"start":{"line":32,"column":0},"end":{"line":32,"column":78}},"32":{"start":{"line":33,"column":0},"end":{"line":33,"column":8}},"33":{"start":{"line":34,"column":0},"end":{"line":34,"column":6}},"34":{"start":{"line":35,"column":0},"end":{"line":35,"column":0}},"35":{"start":{"line":36,"column":0},"end":{"line":36,"column":53}},"36":{"start":{"line":37,"column":0},"end":{"line":37,"column":42}},"37":{"start":{"line":38,"column":0},"end":{"line":38,"column":46}},"38":{"start":{"line":39,"column":0},"end":{"line":39,"column":72}},"39":{"start":{"line":40,"column":0},"end":{"line":40,"column":42}},"40":{"start":{"line":41,"column":0},"end":{"line":41,"column":64}},"41":{"start":{"line":42,"column":0},"end":{"line":42,"column":12}},"42":{"start":{"line":43,"column":0},"end":{"line":43,"column":30}},"43":{"start":{"line":44,"column":0},"end":{"line":44,"column":55}},"44":{"start":{"line":45,"column":0},"end":{"line":45,"column":10}},"45":{"start":{"line":46,"column":0},"end":{"line":46,"column":43}},"46":{"start":{"line":47,"column":0},"end":{"line":47,"column":69}},"47":{"start":{"line":48,"column":0},"end":{"line":48,"column":78}},"48":{"start":{"line":49,"column":0},"end":{"line":49,"column":30}},"49":{"start":{"line":50,"column":0},"end":{"line":50,"column":55}},"50":{"start":{"line":51,"column":0},"end":{"line":51,"column":10}},"51":{"start":{"line":52,"column":0},"end":{"line":52,"column":47}},"52":{"start":{"line":53,"column":0},"end":{"line":53,"column":56}},"53":{"start":{"line":54,"column":0},"end":{"line":54,"column":71}},"54":{"start":{"line":55,"column":0},"end":{"line":55,"column":30}},"55":{"start":{"line":56,"column":0},"end":{"line":56,"column":55}},"56":{"start":{"line":57,"column":0},"end":{"line":57,"column":10}},"57":{"start":{"line":58,"column":0},"end":{"line":58,"column":52}},"58":{"start":{"line":59,"column":0},"end":{"line":59,"column":44}},"59":{"start":{"line":60,"column":0},"end":{"line":60,"column":53}},"60":{"start":{"line":61,"column":0},"end":{"line":61,"column":30}},"61":{"start":{"line":62,"column":0},"end":{"line":62,"column":55}},"62":{"start":{"line":63,"column":0},"end":{"line":63,"column":10}},"63":{"start":{"line":64,"column":0},"end":{"line":64,"column":52}},"64":{"start":{"line":65,"column":0},"end":{"line":65,"column":28}},"65":{"start":{"line":66,"column":0},"end":{"line":66,"column":41}},"66":{"start":{"line":67,"column":0},"end":{"line":67,"column":30}},"67":{"start":{"line":68,"column":0},"end":{"line":68,"column":55}},"68":{"start":{"line":69,"column":0},"end":{"line":69,"column":10}},"69":{"start":{"line":70,"column":0},"end":{"line":70,"column":53}},"70":{"start":{"line":71,"column":0},"end":{"line":71,"column":53}},"71":{"start":{"line":72,"column":0},"end":{"line":72,"column":73}},"72":{"start":{"line":73,"column":0},"end":{"line":73,"column":30}},"73":{"start":{"line":74,"column":0},"end":{"line":74,"column":58}},"74":{"start":{"line":75,"column":0},"end":{"line":75,"column":10}},"75":{"start":{"line":76,"column":0},"end":{"line":76,"column":52}},"76":{"start":{"line":77,"column":0},"end":{"line":77,"column":45}},"77":{"start":{"line":78,"column":0},"end":{"line":78,"column":54}},"78":{"start":{"line":79,"column":0},"end":{"line":79,"column":30}},"79":{"start":{"line":80,"column":0},"end":{"line":80,"column":58}},"80":{"start":{"line":81,"column":0},"end":{"line":81,"column":10}},"81":{"start":{"line":82,"column":0},"end":{"line":82,"column":8}},"82":{"start":{"line":83,"column":0},"end":{"line":83,"column":0}},"83":{"start":{"line":84,"column":0},"end":{"line":84,"column":39}},"84":{"start":{"line":85,"column":0},"end":{"line":85,"column":46}},"85":{"start":{"line":86,"column":0},"end":{"line":86,"column":69}},"86":{"start":{"line":87,"column":0},"end":{"line":87,"column":52}},"87":{"start":{"line":88,"column":0},"end":{"line":88,"column":44}},"88":{"start":{"line":89,"column":0},"end":{"line":89,"column":53}},"89":{"start":{"line":90,"column":0},"end":{"line":90,"column":30}},"90":{"start":{"line":91,"column":0},"end":{"line":91,"column":55}},"91":{"start":{"line":92,"column":0},"end":{"line":92,"column":10}},"92":{"start":{"line":93,"column":0},"end":{"line":93,"column":43}},"93":{"start":{"line":94,"column":0},"end":{"line":94,"column":66}},"94":{"start":{"line":95,"column":0},"end":{"line":95,"column":44}},"95":{"start":{"line":96,"column":0},"end":{"line":96,"column":76}},"96":{"start":{"line":97,"column":0},"end":{"line":97,"column":30}},"97":{"start":{"line":98,"column":0},"end":{"line":98,"column":55}},"98":{"start":{"line":99,"column":0},"end":{"line":99,"column":10}},"99":{"start":{"line":100,"column":0},"end":{"line":100,"column":68}},"100":{"start":{"line":101,"column":0},"end":{"line":101,"column":55}},"101":{"start":{"line":102,"column":0},"end":{"line":102,"column":60}},"102":{"start":{"line":103,"column":0},"end":{"line":103,"column":42}},"103":{"start":{"line":104,"column":0},"end":{"line":104,"column":30}},"104":{"start":{"line":105,"column":0},"end":{"line":105,"column":55}},"105":{"start":{"line":106,"column":0},"end":{"line":106,"column":10}},"106":{"start":{"line":107,"column":0},"end":{"line":107,"column":77}},"107":{"start":{"line":108,"column":0},"end":{"line":108,"column":47}},"108":{"start":{"line":109,"column":0},"end":{"line":109,"column":69}},"109":{"start":{"line":110,"column":0},"end":{"line":110,"column":30}},"110":{"start":{"line":111,"column":0},"end":{"line":111,"column":55}},"111":{"start":{"line":112,"column":0},"end":{"line":112,"column":10}},"112":{"start":{"line":113,"column":0},"end":{"line":113,"column":52}},"113":{"start":{"line":114,"column":0},"end":{"line":114,"column":44}},"114":{"start":{"line":115,"column":0},"end":{"line":115,"column":68}},"115":{"start":{"line":116,"column":0},"end":{"line":116,"column":30}},"116":{"start":{"line":117,"column":0},"end":{"line":117,"column":55}},"117":{"start":{"line":118,"column":0},"end":{"line":118,"column":10}},"118":{"start":{"line":119,"column":0},"end":{"line":119,"column":52}},"119":{"start":{"line":120,"column":0},"end":{"line":120,"column":28}},"120":{"start":{"line":121,"column":0},"end":{"line":121,"column":51}},"121":{"start":{"line":122,"column":0},"end":{"line":122,"column":30}},"122":{"start":{"line":123,"column":0},"end":{"line":123,"column":55}},"123":{"start":{"line":124,"column":0},"end":{"line":124,"column":10}},"124":{"start":{"line":125,"column":0},"end":{"line":125,"column":53}},"125":{"start":{"line":126,"column":0},"end":{"line":126,"column":44}},"126":{"start":{"line":127,"column":0},"end":{"line":127,"column":63}},"127":{"start":{"line":128,"column":0},"end":{"line":128,"column":30}},"128":{"start":{"line":129,"column":0},"end":{"line":129,"column":58}},"129":{"start":{"line":130,"column":0},"end":{"line":130,"column":10}},"130":{"start":{"line":131,"column":0},"end":{"line":131,"column":52}},"131":{"start":{"line":132,"column":0},"end":{"line":132,"column":36}},"132":{"start":{"line":133,"column":0},"end":{"line":133,"column":55}},"133":{"start":{"line":134,"column":0},"end":{"line":134,"column":30}},"134":{"start":{"line":135,"column":0},"end":{"line":135,"column":58}},"135":{"start":{"line":136,"column":0},"end":{"line":136,"column":10}},"136":{"start":{"line":137,"column":0},"end":{"line":137,"column":8}},"137":{"start":{"line":138,"column":0},"end":{"line":138,"column":6}},"138":{"start":{"line":139,"column":0},"end":{"line":139,"column":4}},"139":{"start":{"line":140,"column":0},"end":{"line":140,"column":1}}},"s":{"0":1,"1":1,"2":1,"3":1,"4":1,"5":1,"6":1,"7":1,"8":1,"9":1,"10":1,"11":1,"12":1,"13":1,"14":1,"15":1,"16":1,"17":1,"18":1,"19":1,"20":1,"21":1,"22":1,"23":1,"24":1,"25":1,"26":1,"27":1,"28":1,"29":1,"30":1,"31":1,"32":1,"33":1,"34":1,"35":1,"36":1,"37":1,"38":1,"39":1,"40":1,"41":1,"42":1,"43":1,"44":1,"45":1,"46":1,"47":1,"48":1,"49":1,"50":1,"51":1,"52":1,"53":1,"54":1,"55":1,"56":1,"57":1,"58":1,"59":1,"60":1,"61":1,"62":1,"63":1,"64":1,"65":1,"66":1,"67":1,"68":1,"69":1,"70":1,"71":1,"72":1,"73":1,"74":1,"75":1,"76":1,"77":1,"78":1,"79":1,"80":1,"81":1,"82":1,"83":1,"84":1,"85":1,"86":1,"87":1,"88":1,"89":1,"90":1,"91":1,"92":1,"93":1,"94":1,"95":1,"96":1,"97":1,"98":1,"99":1,"100":1,"101":1,"102":1,"103":1,"104":1,"105":1,"106":1,"107":1,"108":1,"109":1,"110":1,"111":1,"112":1,"113":1,"114":1,"115":1,"116":1,"117":1,"118":1,"119":1,"120":1,"121":1,"122":1,"123":1,"124":1,"125":1,"126":1,"127":1,"128":1,"129":1,"130":1,"131":1,"132":1,"133":1,"134":1,"135":1,"136":1,"137":1,"138":1,"139":1},"branchMap":{"0":{"type":"branch","line":3,"loc":{"start":{"line":3,"column":15},"end":{"line":140,"column":1}},"locations":[{"start":{"line":3,"column":15},"end":{"line":140,"column":1}}]},"1":{"type":"branch","line":4,"loc":{"start":{"line":4,"column":46},"end":{"line":139,"column":3}},"locations":[{"start":{"line":4,"column":46},"end":{"line":139,"column":3}}]},"2":{"type":"branch","line":5,"loc":{"start":{"line":5,"column":57},"end":{"line":34,"column":5}},"locations":[{"start":{"line":5,"column":57},"end":{"line":34,"column":5}}]},"3":{"type":"branch","line":6,"loc":{"start":{"line":6,"column":44},"end":{"line":9,"column":7}},"locations":[{"start":{"line":6,"column":44},"end":{"line":9,"column":7}}]},"4":{"type":"branch","line":7,"loc":{"start":{"line":7,"column":12},"end":{"line":7,"column":80}},"locations":[{"start":{"line":7,"column":12},"end":{"line":7,"column":80}}]},"5":{"type":"branch","line":10,"loc":{"start":{"line":10,"column":41},"end":{"line":13,"column":7}},"locations":[{"start":{"line":10,"column":41},"end":{"line":13,"column":7}}]},"6":{"type":"branch","line":11,"loc":{"start":{"line":11,"column":12},"end":{"line":11,"column":61}},"locations":[{"start":{"line":11,"column":12},"end":{"line":11,"column":61}}]},"7":{"type":"branch","line":14,"loc":{"start":{"line":14,"column":38},"end":{"line":17,"column":7}},"locations":[{"start":{"line":14,"column":38},"end":{"line":17,"column":7}}]},"8":{"type":"branch","line":15,"loc":{"start":{"line":15,"column":12},"end":{"line":15,"column":53}},"locations":[{"start":{"line":15,"column":12},"end":{"line":15,"column":53}}]},"9":{"type":"branch","line":18,"loc":{"start":{"line":18,"column":43},"end":{"line":21,"column":7}},"locations":[{"start":{"line":18,"column":43},"end":{"line":21,"column":7}}]},"10":{"type":"branch","line":19,"loc":{"start":{"line":19,"column":12},"end":{"line":19,"column":35}},"locations":[{"start":{"line":19,"column":12},"end":{"line":19,"column":35}}]},"11":{"type":"branch","line":22,"loc":{"start":{"line":22,"column":43},"end":{"line":25,"column":7}},"locations":[{"start":{"line":22,"column":43},"end":{"line":25,"column":7}}]},"12":{"type":"branch","line":23,"loc":{"start":{"line":23,"column":12},"end":{"line":23,"column":24}},"locations":[{"start":{"line":23,"column":12},"end":{"line":23,"column":24}}]},"13":{"type":"branch","line":26,"loc":{"start":{"line":26,"column":44},"end":{"line":29,"column":7}},"locations":[{"start":{"line":26,"column":44},"end":{"line":29,"column":7}}]},"14":{"type":"branch","line":27,"loc":{"start":{"line":27,"column":12},"end":{"line":27,"column":55}},"locations":[{"start":{"line":27,"column":12},"end":{"line":27,"column":55}}]},"15":{"type":"branch","line":30,"loc":{"start":{"line":30,"column":43},"end":{"line":33,"column":7}},"locations":[{"start":{"line":30,"column":43},"end":{"line":33,"column":7}}]},"16":{"type":"branch","line":31,"loc":{"start":{"line":31,"column":12},"end":{"line":31,"column":37}},"locations":[{"start":{"line":31,"column":12},"end":{"line":31,"column":37}}]},"17":{"type":"branch","line":36,"loc":{"start":{"line":36,"column":46},"end":{"line":138,"column":5}},"locations":[{"start":{"line":36,"column":46},"end":{"line":138,"column":5}}]},"18":{"type":"branch","line":37,"loc":{"start":{"line":37,"column":35},"end":{"line":82,"column":7}},"locations":[{"start":{"line":37,"column":35},"end":{"line":82,"column":7}}]},"19":{"type":"branch","line":38,"loc":{"start":{"line":38,"column":39},"end":{"line":45,"column":9}},"locations":[{"start":{"line":38,"column":39},"end":{"line":45,"column":9}}]},"20":{"type":"branch","line":40,"loc":{"start":{"line":40,"column":29},"end":{"line":42,"column":11}},"locations":[{"start":{"line":40,"column":29},"end":{"line":42,"column":11}}]},"21":{"type":"branch","line":46,"loc":{"start":{"line":46,"column":36},"end":{"line":51,"column":9}},"locations":[{"start":{"line":46,"column":36},"end":{"line":51,"column":9}}]},"22":{"type":"branch","line":48,"loc":{"start":{"line":48,"column":29},"end":{"line":48,"column":78}},"locations":[{"start":{"line":48,"column":29},"end":{"line":48,"column":78}}]},"23":{"type":"branch","line":52,"loc":{"start":{"line":52,"column":40},"end":{"line":57,"column":9}},"locations":[{"start":{"line":52,"column":40},"end":{"line":57,"column":9}}]},"24":{"type":"branch","line":54,"loc":{"start":{"line":54,"column":29},"end":{"line":54,"column":70}},"locations":[{"start":{"line":54,"column":29},"end":{"line":54,"column":70}}]},"25":{"type":"branch","line":58,"loc":{"start":{"line":58,"column":45},"end":{"line":63,"column":9}},"locations":[{"start":{"line":58,"column":45},"end":{"line":63,"column":9}}]},"26":{"type":"branch","line":60,"loc":{"start":{"line":60,"column":29},"end":{"line":60,"column":52}},"locations":[{"start":{"line":60,"column":29},"end":{"line":60,"column":52}}]},"27":{"type":"branch","line":64,"loc":{"start":{"line":64,"column":45},"end":{"line":69,"column":9}},"locations":[{"start":{"line":64,"column":45},"end":{"line":69,"column":9}}]},"28":{"type":"branch","line":66,"loc":{"start":{"line":66,"column":29},"end":{"line":66,"column":41}},"locations":[{"start":{"line":66,"column":29},"end":{"line":66,"column":41}}]},"29":{"type":"branch","line":70,"loc":{"start":{"line":70,"column":46},"end":{"line":75,"column":9}},"locations":[{"start":{"line":70,"column":46},"end":{"line":75,"column":9}}]},"30":{"type":"branch","line":72,"loc":{"start":{"line":72,"column":29},"end":{"line":72,"column":72}},"locations":[{"start":{"line":72,"column":29},"end":{"line":72,"column":72}}]},"31":{"type":"branch","line":76,"loc":{"start":{"line":76,"column":45},"end":{"line":81,"column":9}},"locations":[{"start":{"line":76,"column":45},"end":{"line":81,"column":9}}]},"32":{"type":"branch","line":78,"loc":{"start":{"line":78,"column":29},"end":{"line":78,"column":54}},"locations":[{"start":{"line":78,"column":29},"end":{"line":78,"column":54}}]},"33":{"type":"branch","line":84,"loc":{"start":{"line":84,"column":32},"end":{"line":137,"column":7}},"locations":[{"start":{"line":84,"column":32},"end":{"line":137,"column":7}}]},"34":{"type":"branch","line":85,"loc":{"start":{"line":85,"column":39},"end":{"line":92,"column":9}},"locations":[{"start":{"line":85,"column":39},"end":{"line":92,"column":9}}]},"35":{"type":"branch","line":87,"loc":{"start":{"line":87,"column":29},"end":{"line":89,"column":11}},"locations":[{"start":{"line":87,"column":29},"end":{"line":89,"column":11}}]},"36":{"type":"branch","line":93,"loc":{"start":{"line":93,"column":36},"end":{"line":99,"column":9}},"locations":[{"start":{"line":93,"column":36},"end":{"line":99,"column":9}}]},"37":{"type":"branch","line":95,"loc":{"start":{"line":95,"column":29},"end":{"line":96,"column":37}},"locations":[{"start":{"line":95,"column":29},"end":{"line":96,"column":37}}]},"38":{"type":"branch","line":100,"loc":{"start":{"line":100,"column":61},"end":{"line":106,"column":9}},"locations":[{"start":{"line":100,"column":61},"end":{"line":106,"column":9}}]},"39":{"type":"branch","line":102,"loc":{"start":{"line":102,"column":29},"end":{"line":103,"column":30}},"locations":[{"start":{"line":102,"column":29},"end":{"line":103,"column":30}}]},"40":{"type":"branch","line":102,"loc":{"start":{"line":102,"column":34},"end":{"line":102,"column":37}},"locations":[{"start":{"line":102,"column":34},"end":{"line":102,"column":37}}]},"41":{"type":"branch","line":102,"loc":{"start":{"line":102,"column":34},"end":{"line":102,"column":37}},"locations":[{"start":{"line":102,"column":34},"end":{"line":102,"column":37}}]},"42":{"type":"branch","line":107,"loc":{"start":{"line":107,"column":70},"end":{"line":112,"column":9}},"locations":[{"start":{"line":107,"column":70},"end":{"line":112,"column":9}}]},"43":{"type":"branch","line":109,"loc":{"start":{"line":109,"column":29},"end":{"line":109,"column":57}},"locations":[{"start":{"line":109,"column":29},"end":{"line":109,"column":57}}]},"44":{"type":"branch","line":113,"loc":{"start":{"line":113,"column":45},"end":{"line":118,"column":9}},"locations":[{"start":{"line":113,"column":45},"end":{"line":118,"column":9}}]},"45":{"type":"branch","line":115,"loc":{"start":{"line":115,"column":29},"end":{"line":115,"column":55}},"locations":[{"start":{"line":115,"column":29},"end":{"line":115,"column":55}}]},"46":{"type":"branch","line":119,"loc":{"start":{"line":119,"column":45},"end":{"line":124,"column":9}},"locations":[{"start":{"line":119,"column":45},"end":{"line":124,"column":9}}]},"47":{"type":"branch","line":121,"loc":{"start":{"line":121,"column":29},"end":{"line":121,"column":47}},"locations":[{"start":{"line":121,"column":29},"end":{"line":121,"column":47}}]},"48":{"type":"branch","line":125,"loc":{"start":{"line":125,"column":46},"end":{"line":130,"column":9}},"locations":[{"start":{"line":125,"column":46},"end":{"line":130,"column":9}}]},"49":{"type":"branch","line":127,"loc":{"start":{"line":127,"column":29},"end":{"line":127,"column":43}},"locations":[{"start":{"line":127,"column":29},"end":{"line":127,"column":43}}]},"50":{"type":"branch","line":131,"loc":{"start":{"line":131,"column":45},"end":{"line":136,"column":9}},"locations":[{"start":{"line":131,"column":45},"end":{"line":136,"column":9}}]},"51":{"type":"branch","line":133,"loc":{"start":{"line":133,"column":29},"end":{"line":133,"column":43}},"locations":[{"start":{"line":133,"column":29},"end":{"line":133,"column":43}}]}},"b":{"0":[1],"1":[1],"2":[1],"3":[1],"4":[1],"5":[1],"6":[1],"7":[1],"8":[1],"9":[1],"10":[1],"11":[1],"12":[1],"13":[1],"14":[1],"15":[1],"16":[1],"17":[1],"18":[1],"19":[1],"20":[1],"21":[1],"22":[1],"23":[1],"24":[1],"25":[1],"26":[1],"27":[1],"28":[1],"29":[1],"30":[1],"31":[1],"32":[1],"33":[1],"34":[1],"35":[1],"36":[1],"37":[1],"38":[1],"39":[1],"40":[0],"41":[0],"42":[1],"43":[1],"44":[1],"45":[1],"46":[1],"47":[1],"48":[1],"49":[1],"50":[1],"51":[1]},"fnMap":{"0":{"name":"_default","decl":{"start":{"line":3,"column":15},"end":{"line":140,"column":1}},"loc":{"start":{"line":3,"column":15},"end":{"line":140,"column":1}},"line":3},"1":{"name":"run.ret","decl":{"start":{"line":127,"column":29},"end":{"line":127,"column":43}},"loc":{"start":{"line":127,"column":29},"end":{"line":127,"column":43}},"line":127}},"f":{"0":1,"1":1}}
,"F:\\worker spase\\simple-web-worker\\src\\tests\\unit\\ModuleRun\\WrongCases.js": {"path":"F:\\worker spase\\simple-web-worker\\src\\tests\\unit\\ModuleRun\\WrongCases.js","all":false,"statementMap":{"0":{"start":{"line":1,"column":0},"end":{"line":1,"column":41}},"1":{"start":{"line":2,"column":0},"end":{"line":2,"column":0}},"2":{"start":{"line":3,"column":0},"end":{"line":3,"column":41}},"3":{"start":{"line":4,"column":0},"end":{"line":4,"column":51}},"4":{"start":{"line":5,"column":0},"end":{"line":5,"column":42}},"5":{"start":{"line":6,"column":0},"end":{"line":6,"column":33}},"6":{"start":{"line":7,"column":0},"end":{"line":7,"column":32}},"7":{"start":{"line":8,"column":0},"end":{"line":8,"column":101}},"8":{"start":{"line":9,"column":0},"end":{"line":9,"column":47}},"9":{"start":{"line":10,"column":0},"end":{"line":10,"column":47}},"10":{"start":{"line":11,"column":0},"end":{"line":11,"column":47}},"11":{"start":{"line":12,"column":0},"end":{"line":12,"column":51}},"12":{"start":{"line":13,"column":0},"end":{"line":13,"column":48}},"13":{"start":{"line":14,"column":0},"end":{"line":14,"column":29}},"14":{"start":{"line":15,"column":0},"end":{"line":15,"column":12}},"15":{"start":{"line":16,"column":0},"end":{"line":16,"column":10}},"16":{"start":{"line":17,"column":0},"end":{"line":17,"column":33}},"17":{"start":{"line":18,"column":0},"end":{"line":18,"column":110}},"18":{"start":{"line":19,"column":0},"end":{"line":19,"column":47}},"19":{"start":{"line":20,"column":0},"end":{"line":20,"column":55}},"20":{"start":{"line":21,"column":0},"end":{"line":21,"column":47}},"21":{"start":{"line":22,"column":0},"end":{"line":22,"column":51}},"22":{"start":{"line":23,"column":0},"end":{"line":23,"column":48}},"23":{"start":{"line":24,"column":0},"end":{"line":24,"column":29}},"24":{"start":{"line":25,"column":0},"end":{"line":25,"column":12}},"25":{"start":{"line":26,"column":0},"end":{"line":26,"column":52}},"26":{"start":{"line":27,"column":0},"end":{"line":27,"column":49}},"27":{"start":{"line":28,"column":0},"end":{"line":28,"column":37}},"28":{"start":{"line":29,"column":0},"end":{"line":29,"column":10}},"29":{"start":{"line":30,"column":0},"end":{"line":30,"column":33}},"30":{"start":{"line":31,"column":0},"end":{"line":31,"column":88}},"31":{"start":{"line":32,"column":0},"end":{"line":32,"column":47}},"32":{"start":{"line":33,"column":0},"end":{"line":33,"column":30}},"33":{"start":{"line":34,"column":0},"end":{"line":34,"column":47}},"34":{"start":{"line":35,"column":0},"end":{"line":35,"column":51}},"35":{"start":{"line":36,"column":0},"end":{"line":36,"column":48}},"36":{"start":{"line":37,"column":0},"end":{"line":37,"column":29}},"37":{"start":{"line":38,"column":0},"end":{"line":38,"column":12}},"38":{"start":{"line":39,"column":0},"end":{"line":39,"column":10}},"39":{"start":{"line":40,"column":0},"end":{"line":40,"column":28}},"40":{"start":{"line":41,"column":0},"end":{"line":41,"column":88}},"41":{"start":{"line":42,"column":0},"end":{"line":42,"column":47}},"42":{"start":{"line":43,"column":0},"end":{"line":43,"column":34}},"43":{"start":{"line":44,"column":0},"end":{"line":44,"column":47}},"44":{"start":{"line":45,"column":0},"end":{"line":45,"column":51}},"45":{"start":{"line":46,"column":0},"end":{"line":46,"column":48}},"46":{"start":{"line":47,"column":0},"end":{"line":47,"column":29}},"47":{"start":{"line":48,"column":0},"end":{"line":48,"column":12}},"48":{"start":{"line":49,"column":0},"end":{"line":49,"column":10}},"49":{"start":{"line":50,"column":0},"end":{"line":50,"column":8}},"50":{"start":{"line":51,"column":0},"end":{"line":51,"column":0}},"51":{"start":{"line":52,"column":0},"end":{"line":52,"column":33}},"52":{"start":{"line":53,"column":0},"end":{"line":53,"column":32}},"53":{"start":{"line":54,"column":0},"end":{"line":54,"column":93}},"54":{"start":{"line":55,"column":0},"end":{"line":55,"column":47}},"55":{"start":{"line":56,"column":0},"end":{"line":56,"column":71}},"56":{"start":{"line":57,"column":0},"end":{"line":57,"column":47}},"57":{"start":{"line":58,"column":0},"end":{"line":58,"column":51}},"58":{"start":{"line":59,"column":0},"end":{"line":59,"column":48}},"59":{"start":{"line":60,"column":0},"end":{"line":60,"column":29}},"60":{"start":{"line":61,"column":0},"end":{"line":61,"column":12}},"61":{"start":{"line":62,"column":0},"end":{"line":62,"column":10}},"62":{"start":{"line":63,"column":0},"end":{"line":63,"column":33}},"63":{"start":{"line":64,"column":0},"end":{"line":64,"column":102}},"64":{"start":{"line":65,"column":0},"end":{"line":65,"column":47}},"65":{"start":{"line":66,"column":0},"end":{"line":66,"column":79}},"66":{"start":{"line":67,"column":0},"end":{"line":67,"column":47}},"67":{"start":{"line":68,"column":0},"end":{"line":68,"column":51}},"68":{"start":{"line":69,"column":0},"end":{"line":69,"column":48}},"69":{"start":{"line":70,"column":0},"end":{"line":70,"column":29}},"70":{"start":{"line":71,"column":0},"end":{"line":71,"column":12}},"71":{"start":{"line":72,"column":0},"end":{"line":72,"column":10}},"72":{"start":{"line":73,"column":0},"end":{"line":73,"column":28}},"73":{"start":{"line":74,"column":0},"end":{"line":74,"column":86}},"74":{"start":{"line":75,"column":0},"end":{"line":75,"column":47}},"75":{"start":{"line":76,"column":0},"end":{"line":76,"column":64}},"76":{"start":{"line":77,"column":0},"end":{"line":77,"column":47}},"77":{"start":{"line":78,"column":0},"end":{"line":78,"column":51}},"78":{"start":{"line":79,"column":0},"end":{"line":79,"column":48}},"79":{"start":{"line":80,"column":0},"end":{"line":80,"column":29}},"80":{"start":{"line":81,"column":0},"end":{"line":81,"column":12}},"81":{"start":{"line":82,"column":0},"end":{"line":82,"column":10}},"82":{"start":{"line":83,"column":0},"end":{"line":83,"column":8}},"83":{"start":{"line":84,"column":0},"end":{"line":84,"column":6}},"84":{"start":{"line":85,"column":0},"end":{"line":85,"column":0}},"85":{"start":{"line":86,"column":0},"end":{"line":86,"column":68}},"86":{"start":{"line":87,"column":0},"end":{"line":87,"column":33}},"87":{"start":{"line":88,"column":0},"end":{"line":88,"column":30}},"88":{"start":{"line":89,"column":0},"end":{"line":89,"column":79}},"89":{"start":{"line":90,"column":0},"end":{"line":90,"column":0}},"90":{"start":{"line":91,"column":0},"end":{"line":91,"column":31}},"91":{"start":{"line":92,"column":0},"end":{"line":92,"column":79}},"92":{"start":{"line":93,"column":0},"end":{"line":93,"column":0}},"93":{"start":{"line":94,"column":0},"end":{"line":94,"column":31}},"94":{"start":{"line":95,"column":0},"end":{"line":95,"column":79}},"95":{"start":{"line":96,"column":0},"end":{"line":96,"column":0}},"96":{"start":{"line":97,"column":0},"end":{"line":97,"column":26}},"97":{"start":{"line":98,"column":0},"end":{"line":98,"column":79}},"98":{"start":{"line":99,"column":0},"end":{"line":99,"column":8}},"99":{"start":{"line":100,"column":0},"end":{"line":100,"column":0}},"100":{"start":{"line":101,"column":0},"end":{"line":101,"column":33}},"101":{"start":{"line":102,"column":0},"end":{"line":102,"column":30}},"102":{"start":{"line":103,"column":0},"end":{"line":103,"column":79}},"103":{"start":{"line":104,"column":0},"end":{"line":104,"column":0}},"104":{"start":{"line":105,"column":0},"end":{"line":105,"column":31}},"105":{"start":{"line":106,"column":0},"end":{"line":106,"column":79}},"106":{"start":{"line":107,"column":0},"end":{"line":107,"column":0}},"107":{"start":{"line":108,"column":0},"end":{"line":108,"column":26}},"108":{"start":{"line":109,"column":0},"end":{"line":109,"column":79}},"109":{"start":{"line":110,"column":0},"end":{"line":110,"column":8}},"110":{"start":{"line":111,"column":0},"end":{"line":111,"column":6}},"111":{"start":{"line":112,"column":0},"end":{"line":112,"column":4}},"112":{"start":{"line":113,"column":0},"end":{"line":113,"column":1}}},"s":{"0":1,"1":1,"2":1,"3":1,"4":1,"5":1,"6":1,"7":1,"8":1,"9":1,"10":1,"11":1,"12":1,"13":1,"14":1,"15":1,"16":1,"17":1,"18":1,"19":1,"20":1,"21":1,"22":1,"23":1,"24":1,"25":1,"26":1,"27":1,"28":1,"29":1,"30":1,"31":1,"32":1,"33":1,"34":1,"35":1,"36":1,"37":1,"38":1,"39":1,"40":1,"41":1,"42":1,"43":1,"44":1,"45":1,"46":1,"47":1,"48":1,"49":1,"50":1,"51":1,"52":1,"53":1,"54":1,"55":1,"56":1,"57":1,"58":1,"59":1,"60":1,"61":1,"62":1,"63":1,"64":1,"65":1,"66":1,"67":1,"68":1,"69":1,"70":1,"71":1,"72":1,"73":1,"74":1,"75":1,"76":1,"77":1,"78":1,"79":1,"80":1,"81":1,"82":1,"83":1,"84":1,"85":1,"86":1,"87":1,"88":1,"89":1,"90":1,"91":1,"92":1,"93":1,"94":1,"95":1,"96":1,"97":1,"98":1,"99":1,"100":1,"101":1,"102":1,"103":1,"104":1,"105":1,"106":1,"107":1,"108":1,"109":1,"110":1,"111":1,"112":1},"branchMap":{"0":{"type":"branch","line":3,"loc":{"start":{"line":3,"column":15},"end":{"line":113,"column":1}},"locations":[{"start":{"line":3,"column":15},"end":{"line":113,"column":1}}]},"1":{"type":"branch","line":4,"loc":{"start":{"line":4,"column":44},"end":{"line":112,"column":3}},"locations":[{"start":{"line":4,"column":44},"end":{"line":112,"column":3}}]},"2":{"type":"branch","line":5,"loc":{"start":{"line":5,"column":35},"end":{"line":84,"column":5}},"locations":[{"start":{"line":5,"column":35},"end":{"line":84,"column":5}}]},"3":{"type":"branch","line":6,"loc":{"start":{"line":6,"column":26},"end":{"line":50,"column":7}},"locations":[{"start":{"line":6,"column":26},"end":{"line":50,"column":7}}]},"4":{"type":"branch","line":7,"loc":{"start":{"line":7,"column":25},"end":{"line":16,"column":9}},"locations":[{"start":{"line":7,"column":25},"end":{"line":16,"column":9}}]},"5":{"type":"branch","line":10,"loc":{"start":{"line":10,"column":39},"end":{"line":15,"column":11}},"locations":[{"start":{"line":10,"column":39},"end":{"line":15,"column":11}}]},"6":{"type":"branch","line":17,"loc":{"start":{"line":17,"column":26},"end":{"line":29,"column":9}},"locations":[{"start":{"line":17,"column":26},"end":{"line":29,"column":9}}]},"7":{"type":"branch","line":20,"loc":{"start":{"line":20,"column":47},"end":{"line":25,"column":11}},"locations":[{"start":{"line":20,"column":47},"end":{"line":25,"column":11}}]},"8":{"type":"branch","line":30,"loc":{"start":{"line":30,"column":26},"end":{"line":39,"column":9}},"locations":[{"start":{"line":30,"column":26},"end":{"line":39,"column":9}}]},"9":{"type":"branch","line":33,"loc":{"start":{"line":33,"column":22},"end":{"line":38,"column":11}},"locations":[{"start":{"line":33,"column":22},"end":{"line":38,"column":11}}]},"10":{"type":"branch","line":40,"loc":{"start":{"line":40,"column":21},"end":{"line":49,"column":9}},"locations":[{"start":{"line":40,"column":21},"end":{"line":49,"column":9}}]},"11":{"type":"branch","line":43,"loc":{"start":{"line":43,"column":26},"end":{"line":48,"column":11}},"locations":[{"start":{"line":43,"column":26},"end":{"line":48,"column":11}}]},"12":{"type":"branch","line":52,"loc":{"start":{"line":52,"column":26},"end":{"line":83,"column":7}},"locations":[{"start":{"line":52,"column":26},"end":{"line":83,"column":7}}]},"13":{"type":"branch","line":53,"loc":{"start":{"line":53,"column":25},"end":{"line":62,"column":9}},"locations":[{"start":{"line":53,"column":25},"end":{"line":62,"column":9}}]},"14":{"type":"branch","line":56,"loc":{"start":{"line":56,"column":63},"end":{"line":61,"column":11}},"locations":[{"start":{"line":56,"column":63},"end":{"line":61,"column":11}}]},"15":{"type":"branch","line":63,"loc":{"start":{"line":63,"column":26},"end":{"line":72,"column":9}},"locations":[{"start":{"line":63,"column":26},"end":{"line":72,"column":9}}]},"16":{"type":"branch","line":66,"loc":{"start":{"line":66,"column":71},"end":{"line":71,"column":11}},"locations":[{"start":{"line":66,"column":71},"end":{"line":71,"column":11}}]},"17":{"type":"branch","line":73,"loc":{"start":{"line":73,"column":21},"end":{"line":82,"column":9}},"locations":[{"start":{"line":73,"column":21},"end":{"line":82,"column":9}}]},"18":{"type":"branch","line":76,"loc":{"start":{"line":76,"column":56},"end":{"line":81,"column":11}},"locations":[{"start":{"line":76,"column":56},"end":{"line":81,"column":11}}]},"19":{"type":"branch","line":86,"loc":{"start":{"line":86,"column":61},"end":{"line":111,"column":5}},"locations":[{"start":{"line":86,"column":61},"end":{"line":111,"column":5}}]},"20":{"type":"branch","line":87,"loc":{"start":{"line":87,"column":26},"end":{"line":99,"column":7}},"locations":[{"start":{"line":87,"column":26},"end":{"line":99,"column":7}}]},"21":{"type":"branch","line":88,"loc":{"start":{"line":88,"column":25},"end":{"line":89,"column":79}},"locations":[{"start":{"line":88,"column":25},"end":{"line":89,"column":79}}]},"22":{"type":"branch","line":91,"loc":{"start":{"line":91,"column":26},"end":{"line":92,"column":79}},"locations":[{"start":{"line":91,"column":26},"end":{"line":92,"column":79}}]},"23":{"type":"branch","line":94,"loc":{"start":{"line":94,"column":26},"end":{"line":95,"column":79}},"locations":[{"start":{"line":94,"column":26},"end":{"line":95,"column":79}}]},"24":{"type":"branch","line":97,"loc":{"start":{"line":97,"column":21},"end":{"line":98,"column":79}},"locations":[{"start":{"line":97,"column":21},"end":{"line":98,"column":79}}]},"25":{"type":"branch","line":101,"loc":{"start":{"line":101,"column":26},"end":{"line":110,"column":7}},"locations":[{"start":{"line":101,"column":26},"end":{"line":110,"column":7}}]},"26":{"type":"branch","line":102,"loc":{"start":{"line":102,"column":25},"end":{"line":103,"column":79}},"locations":[{"start":{"line":102,"column":25},"end":{"line":103,"column":79}}]},"27":{"type":"branch","line":105,"loc":{"start":{"line":105,"column":26},"end":{"line":106,"column":79}},"locations":[{"start":{"line":105,"column":26},"end":{"line":106,"column":79}}]},"28":{"type":"branch","line":108,"loc":{"start":{"line":108,"column":21},"end":{"line":109,"column":79}},"locations":[{"start":{"line":108,"column":21},"end":{"line":109,"column":79}}]}},"b":{"0":[1],"1":[1],"2":[1],"3":[1],"4":[1],"5":[1],"6":[1],"7":[1],"8":[1],"9":[1],"10":[1],"11":[1],"12":[1],"13":[1],"14":[1],"15":[1],"16":[1],"17":[1],"18":[1],"19":[1],"20":[1],"21":[1],"22":[1],"23":[1],"24":[1],"25":[1],"26":[1],"27":[1],"28":[1]},"fnMap":{"0":{"name":"_default","decl":{"start":{"line":3,"column":15},"end":{"line":113,"column":1}},"loc":{"start":{"line":3,"column":15},"end":{"line":113,"column":1}},"line":3},"1":{"name":"run.arg1","decl":{"start":{"line":66,"column":14},"end":{"line":66,"column":42}},"loc":{"start":{"line":66,"column":14},"end":{"line":66,"column":42}},"line":66}},"f":{"0":1,"1":0}}
,"F:\\worker spase\\simple-web-worker\\src\\tests\\unit\\ModuleUtils\\CorrectCases.js": {"path":"F:\\worker spase\\simple-web-worker\\src\\tests\\unit\\ModuleUtils\\CorrectCases.js","all":false,"statementMap":{"0":{"start":{"line":1,"column":0},"end":{"line":1,"column":35}},"1":{"start":{"line":2,"column":0},"end":{"line":2,"column":36}},"2":{"start":{"line":3,"column":0},"end":{"line":3,"column":45}},"3":{"start":{"line":4,"column":0},"end":{"line":4,"column":38}},"4":{"start":{"line":5,"column":0},"end":{"line":5,"column":61}},"5":{"start":{"line":6,"column":0},"end":{"line":6,"column":3}},"6":{"start":{"line":7,"column":0},"end":{"line":7,"column":31}},"7":{"start":{"line":8,"column":0},"end":{"line":8,"column":4}},"8":{"start":{"line":9,"column":0},"end":{"line":9,"column":0}},"9":{"start":{"line":10,"column":0},"end":{"line":10,"column":33}},"10":{"start":{"line":11,"column":0},"end":{"line":11,"column":58}},"11":{"start":{"line":12,"column":0},"end":{"line":12,"column":36}},"12":{"start":{"line":13,"column":0},"end":{"line":13,"column":44}},"13":{"start":{"line":14,"column":0},"end":{"line":14,"column":58}},"14":{"start":{"line":15,"column":0},"end":{"line":15,"column":27}},"15":{"start":{"line":16,"column":0},"end":{"line":16,"column":26}},"16":{"start":{"line":17,"column":0},"end":{"line":17,"column":30}},"17":{"start":{"line":18,"column":0},"end":{"line":18,"column":27}},"18":{"start":{"line":19,"column":0},"end":{"line":19,"column":15}},"19":{"start":{"line":20,"column":0},"end":{"line":20,"column":40}},"20":{"start":{"line":21,"column":0},"end":{"line":21,"column":42}},"21":{"start":{"line":22,"column":0},"end":{"line":22,"column":46}},"22":{"start":{"line":23,"column":0},"end":{"line":23,"column":52}},"23":{"start":{"line":24,"column":0},"end":{"line":24,"column":24}},"24":{"start":{"line":25,"column":0},"end":{"line":25,"column":9}},"25":{"start":{"line":26,"column":0},"end":{"line":26,"column":40}},"26":{"start":{"line":27,"column":0},"end":{"line":27,"column":26}},"27":{"start":{"line":28,"column":0},"end":{"line":28,"column":9}},"28":{"start":{"line":29,"column":0},"end":{"line":29,"column":1}},"29":{"start":{"line":30,"column":0},"end":{"line":30,"column":37}},"30":{"start":{"line":31,"column":0},"end":{"line":31,"column":8}},"31":{"start":{"line":32,"column":0},"end":{"line":32,"column":0}},"32":{"start":{"line":33,"column":0},"end":{"line":33,"column":48}},"33":{"start":{"line":34,"column":0},"end":{"line":34,"column":75}},"34":{"start":{"line":35,"column":0},"end":{"line":35,"column":26}},"35":{"start":{"line":36,"column":0},"end":{"line":36,"column":42}},"36":{"start":{"line":37,"column":0},"end":{"line":37,"column":34}},"37":{"start":{"line":38,"column":0},"end":{"line":38,"column":36}},"38":{"start":{"line":39,"column":0},"end":{"line":39,"column":40}},"39":{"start":{"line":40,"column":0},"end":{"line":40,"column":46}},"40":{"start":{"line":41,"column":0},"end":{"line":41,"column":18}},"41":{"start":{"line":42,"column":0},"end":{"line":42,"column":3}},"42":{"start":{"line":43,"column":0},"end":{"line":43,"column":34}},"43":{"start":{"line":44,"column":0},"end":{"line":44,"column":20}},"44":{"start":{"line":45,"column":0},"end":{"line":45,"column":3}},"45":{"start":{"line":46,"column":0},"end":{"line":46,"column":1}},"46":{"start":{"line":47,"column":0},"end":{"line":47,"column":37}},"47":{"start":{"line":48,"column":0},"end":{"line":48,"column":8}},"48":{"start":{"line":49,"column":0},"end":{"line":49,"column":6}},"49":{"start":{"line":50,"column":0},"end":{"line":50,"column":0}},"50":{"start":{"line":51,"column":0},"end":{"line":51,"column":37}},"51":{"start":{"line":52,"column":0},"end":{"line":52,"column":34}},"52":{"start":{"line":53,"column":0},"end":{"line":53,"column":64}},"53":{"start":{"line":54,"column":0},"end":{"line":54,"column":27}},"54":{"start":{"line":55,"column":0},"end":{"line":55,"column":33}},"55":{"start":{"line":56,"column":0},"end":{"line":56,"column":33}},"56":{"start":{"line":57,"column":0},"end":{"line":57,"column":34}},"57":{"start":{"line":58,"column":0},"end":{"line":58,"column":11}},"58":{"start":{"line":59,"column":0},"end":{"line":59,"column":59}},"59":{"start":{"line":60,"column":0},"end":{"line":60,"column":104}},"60":{"start":{"line":61,"column":0},"end":{"line":61,"column":42}},"61":{"start":{"line":62,"column":0},"end":{"line":62,"column":10}},"62":{"start":{"line":63,"column":0},"end":{"line":63,"column":0}},"63":{"start":{"line":64,"column":0},"end":{"line":64,"column":53}},"64":{"start":{"line":65,"column":0},"end":{"line":65,"column":27}},"65":{"start":{"line":66,"column":0},"end":{"line":66,"column":33}},"66":{"start":{"line":67,"column":0},"end":{"line":67,"column":32}},"67":{"start":{"line":68,"column":0},"end":{"line":68,"column":11}},"68":{"start":{"line":69,"column":0},"end":{"line":69,"column":59}},"69":{"start":{"line":70,"column":0},"end":{"line":70,"column":95}},"70":{"start":{"line":71,"column":0},"end":{"line":71,"column":42}},"71":{"start":{"line":72,"column":0},"end":{"line":72,"column":10}},"72":{"start":{"line":73,"column":0},"end":{"line":73,"column":0}},"73":{"start":{"line":74,"column":0},"end":{"line":74,"column":54}},"74":{"start":{"line":75,"column":0},"end":{"line":75,"column":27}},"75":{"start":{"line":76,"column":0},"end":{"line":76,"column":33}},"76":{"start":{"line":77,"column":0},"end":{"line":77,"column":34}},"77":{"start":{"line":78,"column":0},"end":{"line":78,"column":11}},"78":{"start":{"line":79,"column":0},"end":{"line":79,"column":59}},"79":{"start":{"line":80,"column":0},"end":{"line":80,"column":103}},"80":{"start":{"line":81,"column":0},"end":{"line":81,"column":42}},"81":{"start":{"line":82,"column":0},"end":{"line":82,"column":10}},"82":{"start":{"line":83,"column":0},"end":{"line":83,"column":0}},"83":{"start":{"line":84,"column":0},"end":{"line":84,"column":54}},"84":{"start":{"line":85,"column":0},"end":{"line":85,"column":27}},"85":{"start":{"line":86,"column":0},"end":{"line":86,"column":33}},"86":{"start":{"line":87,"column":0},"end":{"line":87,"column":34}},"87":{"start":{"line":88,"column":0},"end":{"line":88,"column":11}},"88":{"start":{"line":89,"column":0},"end":{"line":89,"column":59}},"89":{"start":{"line":90,"column":0},"end":{"line":90,"column":96}},"90":{"start":{"line":91,"column":0},"end":{"line":91,"column":42}},"91":{"start":{"line":92,"column":0},"end":{"line":92,"column":10}},"92":{"start":{"line":93,"column":0},"end":{"line":93,"column":8}},"93":{"start":{"line":94,"column":0},"end":{"line":94,"column":0}},"94":{"start":{"line":95,"column":0},"end":{"line":95,"column":54}},"95":{"start":{"line":96,"column":0},"end":{"line":96,"column":25}},"96":{"start":{"line":97,"column":0},"end":{"line":97,"column":31}},"97":{"start":{"line":98,"column":0},"end":{"line":98,"column":25}},"98":{"start":{"line":99,"column":0},"end":{"line":99,"column":32}},"99":{"start":{"line":100,"column":0},"end":{"line":100,"column":9}},"100":{"start":{"line":101,"column":0},"end":{"line":101,"column":34}},"101":{"start":{"line":102,"column":0},"end":{"line":102,"column":57}},"102":{"start":{"line":103,"column":0},"end":{"line":103,"column":128}},"103":{"start":{"line":104,"column":0},"end":{"line":104,"column":40}},"104":{"start":{"line":105,"column":0},"end":{"line":105,"column":8}},"105":{"start":{"line":106,"column":0},"end":{"line":106,"column":6}},"106":{"start":{"line":107,"column":0},"end":{"line":107,"column":0}},"107":{"start":{"line":108,"column":0},"end":{"line":108,"column":31}},"108":{"start":{"line":109,"column":0},"end":{"line":109,"column":47}},"109":{"start":{"line":110,"column":0},"end":{"line":110,"column":30}},"110":{"start":{"line":111,"column":0},"end":{"line":111,"column":64}},"111":{"start":{"line":112,"column":0},"end":{"line":112,"column":35}},"112":{"start":{"line":113,"column":0},"end":{"line":113,"column":10}},"113":{"start":{"line":114,"column":0},"end":{"line":114,"column":0}},"114":{"start":{"line":115,"column":0},"end":{"line":115,"column":30}},"115":{"start":{"line":116,"column":0},"end":{"line":116,"column":70}},"116":{"start":{"line":117,"column":0},"end":{"line":117,"column":35}},"117":{"start":{"line":118,"column":0},"end":{"line":118,"column":10}},"118":{"start":{"line":119,"column":0},"end":{"line":119,"column":0}},"119":{"start":{"line":120,"column":0},"end":{"line":120,"column":29}},"120":{"start":{"line":121,"column":0},"end":{"line":121,"column":64}},"121":{"start":{"line":122,"column":0},"end":{"line":122,"column":35}},"122":{"start":{"line":123,"column":0},"end":{"line":123,"column":10}},"123":{"start":{"line":124,"column":0},"end":{"line":124,"column":0}},"124":{"start":{"line":125,"column":0},"end":{"line":125,"column":30}},"125":{"start":{"line":126,"column":0},"end":{"line":126,"column":57}},"126":{"start":{"line":127,"column":0},"end":{"line":127,"column":35}},"127":{"start":{"line":128,"column":0},"end":{"line":128,"column":10}},"128":{"start":{"line":129,"column":0},"end":{"line":129,"column":0}},"129":{"start":{"line":130,"column":0},"end":{"line":130,"column":32}},"130":{"start":{"line":131,"column":0},"end":{"line":131,"column":67}},"131":{"start":{"line":132,"column":0},"end":{"line":132,"column":35}},"132":{"start":{"line":133,"column":0},"end":{"line":133,"column":10}},"133":{"start":{"line":134,"column":0},"end":{"line":134,"column":0}},"134":{"start":{"line":135,"column":0},"end":{"line":135,"column":33}},"135":{"start":{"line":136,"column":0},"end":{"line":136,"column":59}},"136":{"start":{"line":137,"column":0},"end":{"line":137,"column":35}},"137":{"start":{"line":138,"column":0},"end":{"line":138,"column":10}},"138":{"start":{"line":139,"column":0},"end":{"line":139,"column":0}},"139":{"start":{"line":140,"column":0},"end":{"line":140,"column":28}},"140":{"start":{"line":141,"column":0},"end":{"line":141,"column":58}},"141":{"start":{"line":142,"column":0},"end":{"line":142,"column":35}},"142":{"start":{"line":143,"column":0},"end":{"line":143,"column":10}},"143":{"start":{"line":144,"column":0},"end":{"line":144,"column":0}},"144":{"start":{"line":145,"column":0},"end":{"line":145,"column":30}},"145":{"start":{"line":146,"column":0},"end":{"line":146,"column":87}},"146":{"start":{"line":147,"column":0},"end":{"line":147,"column":35}},"147":{"start":{"line":148,"column":0},"end":{"line":148,"column":10}},"148":{"start":{"line":149,"column":0},"end":{"line":149,"column":0}},"149":{"start":{"line":150,"column":0},"end":{"line":150,"column":36}},"150":{"start":{"line":151,"column":0},"end":{"line":151,"column":27}},"151":{"start":{"line":152,"column":0},"end":{"line":152,"column":44}},"152":{"start":{"line":153,"column":0},"end":{"line":153,"column":43}},"153":{"start":{"line":154,"column":0},"end":{"line":154,"column":11}},"154":{"start":{"line":155,"column":0},"end":{"line":155,"column":69}},"155":{"start":{"line":156,"column":0},"end":{"line":156,"column":35}},"156":{"start":{"line":157,"column":0},"end":{"line":157,"column":10}},"157":{"start":{"line":158,"column":0},"end":{"line":158,"column":0}},"158":{"start":{"line":159,"column":0},"end":{"line":159,"column":35}},"159":{"start":{"line":160,"column":0},"end":{"line":160,"column":39}},"160":{"start":{"line":161,"column":0},"end":{"line":161,"column":67}},"161":{"start":{"line":162,"column":0},"end":{"line":162,"column":35}},"162":{"start":{"line":163,"column":0},"end":{"line":163,"column":10}},"163":{"start":{"line":164,"column":0},"end":{"line":164,"column":0}},"164":{"start":{"line":165,"column":0},"end":{"line":165,"column":36}},"165":{"start":{"line":166,"column":0},"end":{"line":166,"column":27}},"166":{"start":{"line":167,"column":0},"end":{"line":167,"column":27}},"167":{"start":{"line":168,"column":0},"end":{"line":168,"column":29}},"168":{"start":{"line":169,"column":0},"end":{"line":169,"column":11}},"169":{"start":{"line":170,"column":0},"end":{"line":170,"column":69}},"170":{"start":{"line":171,"column":0},"end":{"line":171,"column":35}},"171":{"start":{"line":172,"column":0},"end":{"line":172,"column":10}},"172":{"start":{"line":173,"column":0},"end":{"line":173,"column":0}},"173":{"start":{"line":174,"column":0},"end":{"line":174,"column":39}},"174":{"start":{"line":175,"column":0},"end":{"line":175,"column":30}},"175":{"start":{"line":176,"column":0},"end":{"line":176,"column":40}},"176":{"start":{"line":177,"column":0},"end":{"line":177,"column":39}},"177":{"start":{"line":178,"column":0},"end":{"line":178,"column":11}},"178":{"start":{"line":179,"column":0},"end":{"line":179,"column":75}},"179":{"start":{"line":180,"column":0},"end":{"line":180,"column":35}},"180":{"start":{"line":181,"column":0},"end":{"line":181,"column":10}},"181":{"start":{"line":182,"column":0},"end":{"line":182,"column":0}},"182":{"start":{"line":183,"column":0},"end":{"line":183,"column":36}},"183":{"start":{"line":184,"column":0},"end":{"line":184,"column":36}},"184":{"start":{"line":185,"column":0},"end":{"line":185,"column":69}},"185":{"start":{"line":186,"column":0},"end":{"line":186,"column":35}},"186":{"start":{"line":187,"column":0},"end":{"line":187,"column":10}},"187":{"start":{"line":188,"column":0},"end":{"line":188,"column":8}},"188":{"start":{"line":189,"column":0},"end":{"line":189,"column":0}},"189":{"start":{"line":190,"column":0},"end":{"line":190,"column":43}},"190":{"start":{"line":191,"column":0},"end":{"line":191,"column":50}},"191":{"start":{"line":192,"column":0},"end":{"line":192,"column":31}},"192":{"start":{"line":193,"column":0},"end":{"line":193,"column":74}},"193":{"start":{"line":194,"column":0},"end":{"line":194,"column":37}},"194":{"start":{"line":195,"column":0},"end":{"line":195,"column":12}},"195":{"start":{"line":196,"column":0},"end":{"line":196,"column":0}},"196":{"start":{"line":197,"column":0},"end":{"line":197,"column":35}},"197":{"start":{"line":198,"column":0},"end":{"line":198,"column":72}},"198":{"start":{"line":199,"column":0},"end":{"line":199,"column":37}},"199":{"start":{"line":200,"column":0},"end":{"line":200,"column":12}},"200":{"start":{"line":201,"column":0},"end":{"line":201,"column":10}},"201":{"start":{"line":202,"column":0},"end":{"line":202,"column":0}},"202":{"start":{"line":203,"column":0},"end":{"line":203,"column":54}},"203":{"start":{"line":204,"column":0},"end":{"line":204,"column":32}},"204":{"start":{"line":205,"column":0},"end":{"line":205,"column":84}},"205":{"start":{"line":206,"column":0},"end":{"line":206,"column":37}},"206":{"start":{"line":207,"column":0},"end":{"line":207,"column":12}},"207":{"start":{"line":208,"column":0},"end":{"line":208
[...]
ine":106,"column":5}},"locations":[{"start":{"line":51,"column":30},"end":{"line":106,"column":5}}]},"8":{"type":"branch","line":52,"loc":{"start":{"line":52,"column":27},"end":{"line":93,"column":7}},"locations":[{"start":{"line":52,"column":27},"end":{"line":93,"column":7}}]},"9":{"type":"branch","line":53,"loc":{"start":{"line":53,"column":57},"end":{"line":62,"column":9}},"locations":[{"start":{"line":53,"column":57},"end":{"line":62,"column":9}}]},"10":{"type":"branch","line":64,"loc":{"start":{"line":64,"column":46},"end":{"line":72,"column":9}},"locations":[{"start":{"line":64,"column":46},"end":{"line":72,"column":9}}]},"11":{"type":"branch","line":74,"loc":{"start":{"line":74,"column":47},"end":{"line":82,"column":9}},"locations":[{"start":{"line":74,"column":47},"end":{"line":82,"column":9}}]},"12":{"type":"branch","line":84,"loc":{"start":{"line":84,"column":47},"end":{"line":92,"column":9}},"locations":[{"start":{"line":84,"column":47},"end":{"line":92,"column":9}}]},"13":{"type":"branch","line":95,"loc":{"start":{"line":95,"column":47},"end":{"line":105,"column":7}},"locations":[{"start":{"line":95,"column":47},"end":{"line":105,"column":7}}]},"14":{"type":"branch","line":108,"loc":{"start":{"line":108,"column":24},"end":{"line":254,"column":5}},"locations":[{"start":{"line":108,"column":24},"end":{"line":254,"column":5}}]},"15":{"type":"branch","line":109,"loc":{"start":{"line":109,"column":40},"end":{"line":188,"column":7}},"locations":[{"start":{"line":109,"column":40},"end":{"line":188,"column":7}}]},"16":{"type":"branch","line":110,"loc":{"start":{"line":110,"column":23},"end":{"line":113,"column":9}},"locations":[{"start":{"line":110,"column":23},"end":{"line":113,"column":9}}]},"17":{"type":"branch","line":115,"loc":{"start":{"line":115,"column":23},"end":{"line":118,"column":9}},"locations":[{"start":{"line":115,"column":23},"end":{"line":118,"column":9}}]},"18":{"type":"branch","line":120,"loc":{"start":{"line":120,"column":22},"end":{"line":123,"column":9}},"locations":[{"start":{"line":120,"column":22},"end":{"line":123,"column":9}}]},"19":{"type":"branch","line":125,"loc":{"start":{"line":125,"column":23},"end":{"line":128,"column":9}},"locations":[{"start":{"line":125,"column":23},"end":{"line":128,"column":9}}]},"20":{"type":"branch","line":130,"loc":{"start":{"line":130,"column":25},"end":{"line":133,"column":9}},"locations":[{"start":{"line":130,"column":25},"end":{"line":133,"column":9}}]},"21":{"type":"branch","line":135,"loc":{"start":{"line":135,"column":26},"end":{"line":138,"column":9}},"locations":[{"start":{"line":135,"column":26},"end":{"line":138,"column":9}}]},"22":{"type":"branch","line":140,"loc":{"start":{"line":140,"column":21},"end":{"line":143,"column":9}},"locations":[{"start":{"line":140,"column":21},"end":{"line":143,"column":9}}]},"23":{"type":"branch","line":145,"loc":{"start":{"line":145,"column":23},"end":{"line":148,"column":9}},"locations":[{"start":{"line":145,"column":23},"end":{"line":148,"column":9}}]},"24":{"type":"branch","line":150,"loc":{"start":{"line":150,"column":29},"end":{"line":157,"column":9}},"locations":[{"start":{"line":150,"column":29},"end":{"line":157,"column":9}}]},"25":{"type":"branch","line":159,"loc":{"start":{"line":159,"column":28},"end":{"line":163,"column":9}},"locations":[{"start":{"line":159,"column":28},"end":{"line":163,"column":9}}]},"26":{"type":"branch","line":165,"loc":{"start":{"line":165,"column":29},"end":{"line":172,"column":9}},"locations":[{"start":{"line":165,"column":29},"end":{"line":172,"column":9}}]},"27":{"type":"branch","line":174,"loc":{"start":{"line":174,"column":32},"end":{"line":181,"column":9}},"locations":[{"start":{"line":174,"column":32},"end":{"line":181,"column":9}}]},"28":{"type":"branch","line":183,"loc":{"start":{"line":183,"column":29},"end":{"line":187,"column":9}},"locations":[{"start":{"line":183,"column":29},"end":{"line":187,"column":9}}]},"29":{"type":"branch","line":190,"loc":{"start":{"line":190,"column":36},"end":{"line":253,"column":7}},"locations":[{"start":{"line":190,"column":36},"end":{"line":253,"column":7}}]},"30":{"type":"branch","line":191,"loc":{"start":{"line":191,"column":43},"end":{"line":201,"column":9}},"locations":[{"start":{"line":191,"column":43},"end":{"line":201,"column":9}}]},"31":{"type":"branch","line":192,"loc":{"start":{"line":192,"column":24},"end":{"line":195,"column":11}},"locations":[{"start":{"line":192,"column":24},"end":{"line":195,"column":11}}]},"32":{"type":"branch","line":197,"loc":{"start":{"line":197,"column":28},"end":{"line":200,"column":11}},"locations":[{"start":{"line":197,"column":28},"end":{"line":200,"column":11}}]},"33":{"type":"branch","line":203,"loc":{"start":{"line":203,"column":47},"end":{"line":213,"column":9}},"locations":[{"start":{"line":203,"column":47},"end":{"line":213,"column":9}}]},"34":{"type":"branch","line":204,"loc":{"start":{"line":204,"column":25},"end":{"line":207,"column":11}},"locations":[{"start":{"line":204,"column":25},"end":{"line":207,"column":11}}]},"35":{"type":"branch","line":209,"loc":{"start":{"line":209,"column":31},"end":{"line":212,"column":11}},"locations":[{"start":{"line":209,"column":31},"end":{"line":212,"column":11}}]},"36":{"type":"branch","line":215,"loc":{"start":{"line":215,"column":47},"end":{"line":229,"column":9}},"locations":[{"start":{"line":215,"column":47},"end":{"line":229,"column":9}}]},"37":{"type":"branch","line":216,"loc":{"start":{"line":216,"column":25},"end":{"line":219,"column":11}},"locations":[{"start":{"line":216,"column":25},"end":{"line":219,"column":11}}]},"38":{"type":"branch","line":221,"loc":{"start":{"line":221,"column":31},"end":{"line":228,"column":11}},"locations":[{"start":{"line":221,"column":31},"end":{"line":228,"column":11}}]},"39":{"type":"branch","line":231,"loc":{"start":{"line":231,"column":71},"end":{"line":252,"column":9}},"locations":[{"start":{"line":231,"column":71},"end":{"line":252,"column":9}}]},"40":{"type":"branch","line":232,"loc":{"start":{"line":232,"column":30},"end":{"line":236,"column":11}},"locations":[{"start":{"line":232,"column":30},"end":{"line":236,"column":11}}]},"41":{"type":"branch","line":238,"loc":{"start":{"line":238,"column":34},"end":{"line":245,"column":11}},"locations":[{"start":{"line":238,"column":34},"end":{"line":245,"column":11}}]},"42":{"type":"branch","line":247,"loc":{"start":{"line":247,"column":31},"end":{"line":251,"column":11}},"locations":[{"start":{"line":247,"column":31},"end":{"line":251,"column":11}}]}},"b":{"0":[1],"1":[0],"2":[1],"3":[1],"4":[1],"5":[1],"6":[1],"7":[1],"8":[1],"9":[1],"10":[1],"11":[1],"12":[1],"13":[1],"14":[1],"15":[1],"16":[1],"17":[1],"18":[1],"19":[1],"20":[1],"21":[1],"22":[1],"23":[1],"24":[1],"25":[1],"26":[1],"27":[1],"28":[1],"29":[1],"30":[1],"31":[1],"32":[1],"33":[1],"34":[1],"35":[1],"36":[1],"37":[1],"38":[1],"39":[1],"40":[1],"41":[1],"42":[1]},"fnMap":{"0":{"name":"_default","decl":{"start":{"line":10,"column":15},"end":{"line":256,"column":1}},"loc":{"start":{"line":10,"column":15},"end":{"line":256,"column":1}},"line":10},"1":{"name":"func","decl":{"start":{"line":146,"column":66},"end":{"line":146,"column":76}},"loc":{"start":{"line":146,"column":66},"end":{"line":146,"column":76}},"line":146},"2":{"name":"func","decl":{"start":{"line":152,"column":33},"end":{"line":152,"column":43}},"loc":{"start":{"line":152,"column":33},"end":{"line":152,"column":43}},"line":152},"3":{"name":"func","decl":{"start":{"line":153,"column":33},"end":{"line":153,"column":43}},"loc":{"start":{"line":153,"column":33},"end":{"line":153,"column":43}},"line":153},"4":{"name":"func","decl":{"start":{"line":168,"column":19},"end":{"line":168,"column":29}},"loc":{"start":{"line":168,"column":19},"end":{"line":168,"column":29}},"line":168},"5":{"name":"func","decl":{"start":{"line":217,"column":68},"end":{"line":217,"column":78}},"loc":{"start":{"line":217,"column":68},"end":{"line":217,"column":78}},"line":217},"6":{"name":"func","decl":{"start":{"line":223,"column":35},"end":{"line":223,"column":45}},"loc":{"start":{"line":223,"column":35},"end":{"line":223,"column":45}},"line":223},"7":{"name":"func","decl":{"start":{"line":224,"column":35},"end":{"line":224,"column":45}},"loc":{"start":{"line":224,"column":35},"end":{"line":224,"column":45}},"line":224}},"f":{"0":1,"1":0,"2":0,"3":0,"4":0,"5":0,"6":0,"7":0}}
,"F:\\worker spase\\simple-web-worker\\src\\tests\\unit\\ModuleUtils\\WrongCases.js": {"path":"F:\\worker spase\\simple-web-worker\\src\\tests\\unit\\ModuleUtils\\WrongCases.js","all":false,"statementMap":{"0":{"start":{"line":1,"column":0},"end":{"line":1,"column":35}},"1":{"start":{"line":2,"column":0},"end":{"line":2,"column":0}},"2":{"start":{"line":3,"column":0},"end":{"line":3,"column":33}},"3":{"start":{"line":4,"column":0},"end":{"line":4,"column":56}},"4":{"start":{"line":5,"column":0},"end":{"line":5,"column":31}},"5":{"start":{"line":6,"column":0},"end":{"line":6,"column":28}},"6":{"start":{"line":7,"column":0},"end":{"line":7,"column":55}},"7":{"start":{"line":8,"column":0},"end":{"line":8,"column":34}},"8":{"start":{"line":9,"column":0},"end":{"line":9,"column":8}},"9":{"start":{"line":10,"column":0},"end":{"line":10,"column":0}},"10":{"start":{"line":11,"column":0},"end":{"line":11,"column":28}},"11":{"start":{"line":12,"column":0},"end":{"line":12,"column":63}},"12":{"start":{"line":13,"column":0},"end":{"line":13,"column":34}},"13":{"start":{"line":14,"column":0},"end":{"line":14,"column":8}},"14":{"start":{"line":15,"column":0},"end":{"line":15,"column":0}},"15":{"start":{"line":16,"column":0},"end":{"line":16,"column":27}},"16":{"start":{"line":17,"column":0},"end":{"line":17,"column":61}},"17":{"start":{"line":18,"column":0},"end":{"line":18,"column":34}},"18":{"start":{"line":19,"column":0},"end":{"line":19,"column":8}},"19":{"start":{"line":20,"column":0},"end":{"line":20,"column":0}},"20":{"start":{"line":21,"column":0},"end":{"line":21,"column":28}},"21":{"start":{"line":22,"column":0},"end":{"line":22,"column":68}},"22":{"start":{"line":23,"column":0},"end":{"line":23,"column":34}},"23":{"start":{"line":24,"column":0},"end":{"line":24,"column":8}},"24":{"start":{"line":25,"column":0},"end":{"line":25,"column":0}},"25":{"start":{"line":26,"column":0},"end":{"line":26,"column":30}},"26":{"start":{"line":27,"column":0},"end":{"line":27,"column":59}},"27":{"start":{"line":28,"column":0},"end":{"line":28,"column":34}},"28":{"start":{"line":29,"column":0},"end":{"line":29,"column":8}},"29":{"start":{"line":30,"column":0},"end":{"line":30,"column":0}},"30":{"start":{"line":31,"column":0},"end":{"line":31,"column":31}},"31":{"start":{"line":32,"column":0},"end":{"line":32,"column":61}},"32":{"start":{"line":33,"column":0},"end":{"line":33,"column":34}},"33":{"start":{"line":34,"column":0},"end":{"line":34,"column":8}},"34":{"start":{"line":35,"column":0},"end":{"line":35,"column":0}},"35":{"start":{"line":36,"column":0},"end":{"line":36,"column":26}},"36":{"start":{"line":37,"column":0},"end":{"line":37,"column":61}},"37":{"start":{"line":38,"column":0},"end":{"line":38,"column":34}},"38":{"start":{"line":39,"column":0},"end":{"line":39,"column":8}},"39":{"start":{"line":40,"column":0},"end":{"line":40,"column":0}},"40":{"start":{"line":41,"column":0},"end":{"line":41,"column":28}},"41":{"start":{"line":42,"column":0},"end":{"line":42,"column":83}},"42":{"start":{"line":43,"column":0},"end":{"line":43,"column":35}},"43":{"start":{"line":44,"column":0},"end":{"line":44,"column":80}},"44":{"start":{"line":45,"column":0},"end":{"line":45,"column":35}},"45":{"start":{"line":46,"column":0},"end":{"line":46,"column":77}},"46":{"start":{"line":47,"column":0},"end":{"line":47,"column":35}},"47":{"start":{"line":48,"column":0},"end":{"line":48,"column":80}},"48":{"start":{"line":49,"column":0},"end":{"line":49,"column":35}},"49":{"start":{"line":50,"column":0},"end":{"line":50,"column":88}},"50":{"start":{"line":51,"column":0},"end":{"line":51,"column":35}},"51":{"start":{"line":52,"column":0},"end":{"line":52,"column":8}},"52":{"start":{"line":53,"column":0},"end":{"line":53,"column":0}},"53":{"start":{"line":54,"column":0},"end":{"line":54,"column":34}},"54":{"start":{"line":55,"column":0},"end":{"line":55,"column":25}},"55":{"start":{"line":56,"column":0},"end":{"line":56,"column":16}},"56":{"start":{"line":57,"column":0},"end":{"line":57,"column":41}},"57":{"start":{"line":58,"column":0},"end":{"line":58,"column":9}},"58":{"start":{"line":59,"column":0},"end":{"line":59,"column":67}},"59":{"start":{"line":60,"column":0},"end":{"line":60,"column":34}},"60":{"start":{"line":61,"column":0},"end":{"line":61,"column":8}},"61":{"start":{"line":62,"column":0},"end":{"line":62,"column":0}},"62":{"start":{"line":63,"column":0},"end":{"line":63,"column":33}},"63":{"start":{"line":64,"column":0},"end":{"line":64,"column":63}},"64":{"start":{"line":65,"column":0},"end":{"line":65,"column":65}},"65":{"start":{"line":66,"column":0},"end":{"line":66,"column":34}},"66":{"start":{"line":67,"column":0},"end":{"line":67,"column":8}},"67":{"start":{"line":68,"column":0},"end":{"line":68,"column":0}},"68":{"start":{"line":69,"column":0},"end":{"line":69,"column":34}},"69":{"start":{"line":70,"column":0},"end":{"line":70,"column":25}},"70":{"start":{"line":71,"column":0},"end":{"line":71,"column":16}},"71":{"start":{"line":72,"column":0},"end":{"line":72,"column":27}},"72":{"start":{"line":73,"column":0},"end":{"line":73,"column":9}},"73":{"start":{"line":74,"column":0},"end":{"line":74,"column":67}},"74":{"start":{"line":75,"column":0},"end":{"line":75,"column":34}},"75":{"start":{"line":76,"column":0},"end":{"line":76,"column":8}},"76":{"start":{"line":77,"column":0},"end":{"line":77,"column":0}},"77":{"start":{"line":78,"column":0},"end":{"line":78,"column":37}},"78":{"start":{"line":79,"column":0},"end":{"line":79,"column":28}},"79":{"start":{"line":80,"column":0},"end":{"line":80,"column":38}},"80":{"start":{"line":81,"column":0},"end":{"line":81,"column":35}},"81":{"start":{"line":82,"column":0},"end":{"line":82,"column":9}},"82":{"start":{"line":83,"column":0},"end":{"line":83,"column":73}},"83":{"start":{"line":84,"column":0},"end":{"line":84,"column":34}},"84":{"start":{"line":85,"column":0},"end":{"line":85,"column":8}},"85":{"start":{"line":86,"column":0},"end":{"line":86,"column":0}},"86":{"start":{"line":87,"column":0},"end":{"line":87,"column":34}},"87":{"start":{"line":88,"column":0},"end":{"line":88,"column":36}},"88":{"start":{"line":89,"column":0},"end":{"line":89,"column":67}},"89":{"start":{"line":90,"column":0},"end":{"line":90,"column":34}},"90":{"start":{"line":91,"column":0},"end":{"line":91,"column":8}},"91":{"start":{"line":92,"column":0},"end":{"line":92,"column":6}},"92":{"start":{"line":93,"column":0},"end":{"line":93,"column":4}},"93":{"start":{"line":94,"column":0},"end":{"line":94,"column":1}}},"s":{"0":1,"1":1,"2":1,"3":1,"4":1,"5":1,"6":1,"7":1,"8":1,"9":1,"10":1,"11":1,"12":1,"13":1,"14":1,"15":1,"16":1,"17":1,"18":1,"19":1,"20":1,"21":1,"22":1,"23":1,"24":1,"25":1,"26":1,"27":1,"28":1,"29":1,"30":1,"31":1,"32":1,"33":1,"34":1,"35":1,"36":1,"37":1,"38":1,"39":1,"40":1,"41":1,"42":1,"43":1,"44":1,"45":1,"46":1,"47":1,"48":1,"49":1,"50":1,"51":1,"52":1,"53":1,"54":1,"55":1,"56":1,"57":1,"58":1,"59":1,"60":1,"61":1,"62":1,"63":1,"64":1,"65":1,"66":1,"67":1,"68":1,"69":1,"70":1,"71":1,"72":1,"73":1,"74":1,"75":1,"76":1,"77":1,"78":1,"79":1,"80":1,"81":1,"82":1,"83":1,"84":1,"85":1,"86":1,"87":1,"88":1,"89":1,"90":1,"91":1,"92":1,"93":1},"branchMap":{"0":{"type":"branch","line":3,"loc":{"start":{"line":3,"column":15},"end":{"line":94,"column":1}},"locations":[{"start":{"line":3,"column":15},"end":{"line":94,"column":1}}]},"1":{"type":"branch","line":4,"loc":{"start":{"line":4,"column":49},"end":{"line":93,"column":3}},"locations":[{"start":{"line":4,"column":49},"end":{"line":93,"column":3}}]},"2":{"type":"branch","line":5,"loc":{"start":{"line":5,"column":24},"end":{"line":92,"column":5}},"locations":[{"start":{"line":5,"column":24},"end":{"line":92,"column":5}}]},"3":{"type":"branch","line":6,"loc":{"start":{"line":6,"column":21},"end":{"line":9,"column":7}},"locations":[{"start":{"line":6,"column":21},"end":{"line":9,"column":7}}]},"4":{"type":"branch","line":11,"loc":{"start":{"line":11,"column":21},"end":{"line":14,"column":7}},"locations":[{"start":{"line":11,"column":21},"end":{"line":14,"column":7}}]},"5":{"type":"branch","line":16,"loc":{"start":{"line":16,"column":20},"end":{"line":19,"column":7}},"locations":[{"start":{"line":16,"column":20},"end":{"line":19,"column":7}}]},"6":{"type":"branch","line":21,"loc":{"start":{"line":21,"column":21},"end":{"line":24,"column":7}},"locations":[{"start":{"line":21,"column":21},"end":{"line":24,"column":7}}]},"7":{"type":"branch","line":26,"loc":{"start":{"line":26,"column":23},"end":{"line":29,"column":7}},"locations":[{"start":{"line":26,"column":23},"end":{"line":29,"column":7}}]},"8":{"type":"branch","line":31,"loc":{"start":{"line":31,"column":24},"end":{"line":34,"column":7}},"locations":[{"start":{"line":31,"column":24},"end":{"line":34,"column":7}}]},"9":{"type":"branch","line":36,"loc":{"start":{"line":36,"column":19},"end":{"line":39,"column":7}},"locations":[{"start":{"line":36,"column":19},"end":{"line":39,"column":7}}]},"10":{"type":"branch","line":41,"loc":{"start":{"line":41,"column":21},"end":{"line":52,"column":7}},"locations":[{"start":{"line":41,"column":21},"end":{"line":52,"column":7}}]},"11":{"type":"branch","line":54,"loc":{"start":{"line":54,"column":27},"end":{"line":61,"column":7}},"locations":[{"start":{"line":54,"column":27},"end":{"line":61,"column":7}}]},"12":{"type":"branch","line":63,"loc":{"start":{"line":63,"column":26},"end":{"line":67,"column":7}},"locations":[{"start":{"line":63,"column":26},"end":{"line":67,"column":7}}]},"13":{"type":"branch","line":69,"loc":{"start":{"line":69,"column":27},"end":{"line":76,"column":7}},"locations":[{"start":{"line":69,"column":27},"end":{"line":76,"column":7}}]},"14":{"type":"branch","line":78,"loc":{"start":{"line":78,"column":30},"end":{"line":85,"column":7}},"locations":[{"start":{"line":78,"column":30},"end":{"line":85,"column":7}}]},"15":{"type":"branch","line":87,"loc":{"start":{"line":87,"column":27},"end":{"line":91,"column":7}},"locations":[{"start":{"line":87,"column":27},"end":{"line":91,"column":7}}]}},"b":{"0":[1],"1":[1],"2":[1],"3":[1],"4":[1],"5":[1],"6":[1],"7":[1],"8":[1],"9":[1],"10":[1],"11":[1],"12":[1],"13":[1],"14":[1],"15":[1]},"fnMap":{"0":{"name":"_default","decl":{"start":{"line":3,"column":15},"end":{"line":94,"column":1}},"loc":{"start":{"line":3,"column":15},"end":{"line":94,"column":1}},"line":3},"1":{"name":"b","decl":{"start":{"line":42,"column":62},"end":{"line":42,"column":72}},"loc":{"start":{"line":42,"column":62},"end":{"line":42,"column":72}},"line":42},"2":{"name":"func","decl":{"start":{"line":44,"column":59},"end":{"line":44,"column":69}},"loc":{"start":{"line":44,"column":59},"end":{"line":44,"column":69}},"line":44},"3":{"name":"b","decl":{"start":{"line":46,"column":56},"end":{"line":46,"column":66}},"loc":{"start":{"line":46,"column":56},"end":{"line":46,"column":66}},"line":46},"4":{"name":"func","decl":{"start":{"line":50,"column":67},"end":{"line":50,"column":77}},"loc":{"start":{"line":50,"column":67},"end":{"line":50,"column":77}},"line":50},"5":{"name":"func","decl":{"start":{"line":57,"column":31},"end":{"line":57,"column":41}},"loc":{"start":{"line":57,"column":31},"end":{"line":57,"column":41}},"line":57},"6":{"name":"func","decl":{"start":{"line":64,"column":52},"end":{"line":64,"column":62}},"loc":{"start":{"line":64,"column":52},"end":{"line":64,"column":62}},"line":64},"7":{"name":"func","decl":{"start":{"line":72,"column":17},"end":{"line":72,"column":27}},"loc":{"start":{"line":72,"column":17},"end":{"line":72,"column":27}},"line":72}},"f":{"0":1,"1":0,"2":0,"3":0,"4":0,"5":0,"6":0,"7":0}}
}
