{"F:\\worker spase\\simple-web-worker\\src\\TaskPool.js": {"path":"F:\\worker spase\\simple-web-worker\\src\\TaskPool.js","statementMap":{"0":{"start":{"line":1,"column":13},"end":{"line":1,"column":75}},"1":{"start":{"line":1,"column":75},"end":{"line":30,"column":20}},"2":{"start":{"line":30,"column":31},"end":{"line":30,"column":47}},"3":{"start":{"line":30,"column":61},"end":{"line":30,"column":79}},"4":{"start":{"line":30,"column":98},"end":{"line":30,"column":138}},"5":{"start":{"line":30,"column":155},"end":{"line":30,"column":196}},"6":{"start":{"line":30,"column":218},"end":{"line":30,"column":235}},"7":{"start":{"line":30,"column":266},"end":{"line":30,"column":268}},"8":{"start":{"line":30,"column":281},"end":{"line":30,"column":355}},"9":{"start":{"line":30,"column":367},"end":{"line":30,"column":369}},"10":{"start":{"line":30,"column":370},"end":{"line":30,"column":438}},"11":{"start":{"line":30,"column":401},"end":{"line":30,"column":437}},"12":{"start":{"line":30,"column":438},"end":{"line":30,"column":459}},"13":{"start":{"line":31,"column":2},"end":{"line":31,"column":29}},"14":{"start":{"line":31,"column":16},"end":{"line":31,"column":29}},"15":{"start":{"line":32,"column":2},"end":{"line":32,"column":46}},"16":{"start":{"line":33,"column":2},"end":{"line":33,"column":39}},"17":{"start":{"line":34,"column":2},"end":{"line":34,"column":19}},"18":{"start":{"line":35,"column":2},"end":{"line":35,"column":26}},"19":{"start":{"line":38,"column":0},"end":{"line":67,"column":2}},"20":{"start":{"line":39,"column":2},"end":{"line":39,"column":74}},"21":{"start":{"line":39,"column":37},"end":{"line":39,"column":74}},"22":{"start":{"line":40,"column":11},"end":{"line":40,"column":30}},"23":{"start":{"line":41,"column":13},"end":{"line":50,"column":24}},"24":{"start":{"line":52,"column":2},"end":{"line":52,"column":25}},"25":{"start":{"line":55,"column":4},"end":{"line":55,"column":28}},"26":{"start":{"line":56,"column":16},"end":{"line":56,"column":79}},"27":{"start":{"line":56,"column":55},"end":{"line":56,"column":77}},"28":{"start":{"line":57,"column":4},"end":{"line":61,"column":5}},"29":{"start":{"line":58,"column":14},"end":{"line":58,"column":32}},"30":{"start":{"line":59,"column":6},"end":{"line":59,"column":35}},"31":{"start":{"line":60,"column":6},"end":{"line":60,"column":29}},"32":{"start":{"line":62,"column":4},"end":{"line":62,"column":29}},"33":{"start":{"line":63,"column":4},"end":{"line":63,"column":24}},"34":{"start":{"line":66,"column":2},"end":{"line":66,"column":63}},"35":{"start":{"line":69,"column":0},"end":{"line":98,"column":2}},"36":{"start":{"line":69,"column":51},"end":{"line":69,"column":55}},"37":{"start":{"line":70,"column":2},"end":{"line":97,"column":3}},"38":{"start":{"line":71,"column":4},"end":{"line":77,"column":5}},"39":{"start":{"line":73,"column":6},"end":{"line":75,"column":13}},"40":{"start":{"line":74,"column":8},"end":{"line":74,"column":21}},"41":{"start":{"line":76,"column":6},"end":{"line":76,"column":13}},"42":{"start":{"line":78,"column":15},"end":{"line":78,"column":34}},"43":{"start":{"line":79,"column":4},"end":{"line":79,"column":35}},"44":{"start":{"line":79,"column":28},"end":{"line":79,"column":35}},"45":{"start":{"line":80,"column":4},"end":{"line":80,"column":48}},"46":{"start":{"line":81,"column":4},"end":{"line":81,"column":26}},"47":{"start":{"line":82,"column":4},"end":{"line":91,"column":7}},"48":{"start":{"line":83,"column":6},"end":{"line":83,"column":33}},"49":{"start":{"line":84,"column":6},"end":{"line":84,"column":52}},"50":{"start":{"line":86,"column":6},"end":{"line":86,"column":32}},"51":{"start":{"line":87,"column":6},"end":{"line":87,"column":52}},"52":{"start":{"line":89,"column":6},"end":{"line":89,"column":47}},"53":{"start":{"line":90,"column":6},"end":{"line":90,"column":29}},"54":{"start":{"line":92,"column":4},"end":{"line":96,"column":5}},"55":{"start":{"line":93,"column":6},"end":{"line":95,"column":9}},"56":{"start":{"line":94,"column":8},"end":{"line":94,"column":21}}},"fnMap":{"0":{"name":"getUuid","decl":{"start":{"line":30,"column":245},"end":{"line":30,"column":252}},"loc":{"start":{"line":30,"column":255},"end":{"line":30,"column":460}},"line":30},"1":{"name":"TaskPool","decl":{"start":{"line":30,"column":469},"end":{"line":30,"column":477}},"loc":{"start":{"line":30,"column":487},"end":{"line":36,"column":1}},"line":30},"2":{"name":"(anonymous_2)","decl":{"start":{"line":38,"column":29},"end":{"line":38,"column":30}},"loc":{"start":{"line":38,"column":65},"end":{"line":67,"column":1}},"line":38},"3":{"name":"cancel","decl":{"start":{"line":54,"column":11},"end":{"line":54,"column":17}},"loc":{"start":{"line":54,"column":26},"end":{"line":64,"column":3}},"line":54},"4":{"name":"(anonymous_4)","decl":{"start":{"line":56,"column":38},"end":{"line":56,"column":39}},"loc":{"start":{"line":56,"column":54},"end":{"line":56,"column":78}},"line":56},"5":{"name":"(anonymous_5)","decl":{"start":{"line":69,"column":26},"end":{"line":69,"column":27}},"loc":{"start":{"line":69,"column":38},"end":{"line":98,"column":1}},"line":69},"6":{"name":"(anonymous_6)","decl":{"start":{"line":73,"column":17},"end":{"line":73,"column":18}},"loc":{"start":{"line":73,"column":29},"end":{"line":75,"column":7}},"line":73},"7":{"name":"(anonymous_7)","decl":{"start":{"line":82,"column":64},"end":{"line":82,"column":65}},"loc":{"start":{"line":82,"column":79},"end":{"line":85,"column":5}},"line":82},"8":{"name":"(anonymous_8)","decl":{"start":{"line":85,"column":13},"end":{"line":85,"column":14}},"loc":{"start":{"line":85,"column":28},"end":{"line":88,"column":5}},"line":85},"9":{"name":"(anonymous_9)","decl":{"start":{"line":88,"column":12},"end":{"line":88,"column":13}},"loc":{"start":{"line":88,"column":24},"end":{"line":91,"column":5}},"line":88},"10":{"name":"(anonymous_10)","decl":{"start":{"line":93,"column":17},"end":{"line":93,"column":18}},"loc":{"start":{"line":93,"column":29},"end":{"line":95,"column":7}},"line":93}},"branchMap":{"0":{"loc":{"start":{"line":31,"column":2},"end":{"line":31,"column":29}},"type":"if","locations":[{"start":{"line":31,"column":2},"end":{"line":31,"column":29}},{"start":{"line":31,"column":2},"end":{"line":31,"column":29}}],"line":31},"1":{"loc":{"start":{"line":39,"column":2},"end":{"line":39,"column":74}},"type":"if","locations":[{"start":{"line":39,"column":2},"end":{"line":39,"column":74}},{"start":{"line":39,"column":2},"end":{"line":39,"column":74}}],"line":39},"2":{"loc":{"start":{"line":57,"column":4},"end":{"line":61,"column":5}},"type":"if","locations":[{"start":{"line":57,"column":4},"end":{"line":61,"column":5}},{"start":{"line":57,"column":4},"end":{"line":61,"column":5}}],"line":57},"3":{"loc":{"start":{"line":70,"column":2},"end":{"line":97,"column":3}},"type":"if","locations":[{"start":{"line":70,"column":2},"end":{"line":97,"column":3}},{"start":{"line":70,"column":2},"end":{"line":97,"column":3}}],"line":70},"4":{"loc":{"start":{"line":71,"column":4},"end":{"line":77,"column":5}},"type":"if","locations":[{"start":{"line":71,"column":4},"end":{"line":77,"column":5}},{"start":{"line":71,"column":4},"end":{"line":77,"column":5}}],"line":71},"5":{"loc":{"start":{"line":71,"column":8},"end":{"line":71,"column":66}},"type":"binary-expr","locations":[{"start":{"line":71,"column":8},"end":{"line":71,"column":24}},{"start":{"line":71,"column":28},"end":{"line":71,"column":66}}],"line":71},"6":{"loc":{"start":{"line":79,"column":4},"end":{"line":79,"column":35}},"type":"if","locations":[{"start":{"line":79,"column":4},"end":{"line":79,"column":35}},{"start":{"line":79,"column":4},"end":{"line":79,"column":35}}],"line":79},"7":{"loc":{"start":{"line":92,"column":4},"end":{"line":96,"column":5}},"type":"if","locations":[{"start":{"line":92,"column":4},"end":{"line":96,"column":5}},{"start":{"line":92,"column":4},"end":{"line":96,"column":5}}],"line":92}},"s":{"0":0,"1":0,"2":0,"3":0,"4":0,"5":0,"6":0,"7":0,"8":0,"9":0,"10":0,"11":0,"12":0,"13":0,"14":0,"15":0,"16":0,"17":0,"18":0,"19":0,"20":0,"21":0,"22":0,"23":0,"24":0,"25":0,"26":0,"27":0,"28":0,"29":0,"30":0,"31":0,"32":0,"33":0,"34":0,"35":0,"36":0,"37":0,"38":0,"39":0,"40":0,"41":0,"42":0,"43":0,"44":0,"45":0,"46":0,"47":0,"48":0,"49":0,"50":0,"51":0,"52":0,"53":0,"54":0,"55":0,"56":0},"f":{"0":0,"1":0,"2":0,"3":0,"4":0,"5":0,"6":0,"7":0,"8":0,"9":0,"10":0},"b":{"0":[0,0],"1":[0,0],"2":[0,0],"3":[0,0],"4":[0,0],"5":[0,0],"6":[0,0],"7":[0,0]}}
,"F:\\worker spase\\simple-web-worker\\src\\WorkerPool.js": {"path":"F:\\worker spase\\simple-web-worker\\src\\WorkerPool.js","statementMap":{"0":{"start":{"line":1,"column":13},"end":{"line":1,"column":75}},"1":{"start":{"line":1,"column":75},"end":{"line":18,"column":24}},"2":{"start":{"line":18,"column":40},"end":{"line":18,"column":61}},"3":{"start":{"line":18,"column":75},"end":{"line":18,"column":93}},"4":{"start":{"line":18,"column":115},"end":{"line":18,"column":132}},"5":{"start":{"line":18,"column":173},"end":{"line":18,"column":175}},"6":{"start":{"line":18,"column":176},"end":{"line":18,"column":290}},"7":{"start":{"line":18,"column":235},"end":{"line":18,"column":262}},"8":{"start":{"line":18,"column":262},"end":{"line":18,"column":287}},"9":{"start":{"line":18,"column":290},"end":{"line":18,"column":306}},"10":{"start":{"line":19,"column":2},"end":{"line":19,"column":29}},"11":{"start":{"line":19,"column":16},"end":{"line":19,"column":29}},"12":{"start":{"line":20,"column":2},"end":{"line":20,"column":46}},"13":{"start":{"line":21,"column":2},"end":{"line":22,"column":38}},"14":{"start":{"line":24,"column":2},"end":{"line":24,"column":21}},"15":{"start":{"line":27,"column":0},"end":{"line":41,"column":2}},"16":{"start":{"line":28,"column":2},"end":{"line":28,"column":51}},"17":{"start":{"line":28,"column":31},"end":{"line":28,"column":51}},"18":{"start":{"line":30,"column":2},"end":{"line":36,"column":3}},"19":{"start":{"line":31,"column":4},"end":{"line":34,"column":97}},"20":{"start":{"line":37,"column":2},"end":{"line":40,"column":3}},"21":{"start":{"line":39,"column":4},"end":{"line":39,"column":35}},"22":{"start":{"line":43,"column":0},"end":{"line":50,"column":2}},"23":{"start":{"line":44,"column":21},"end":{"line":44,"column":56}},"24":{"start":{"line":45,"column":2},"end":{"line":45,"column":28}},"25":{"start":{"line":45,"column":21},"end":{"line":45,"column":28}},"26":{"start":{"line":46,"column":14},"end":{"line":46,"column":80}},"27":{"start":{"line":46,"column":52},"end":{"line":46,"column":78}},"28":{"start":{"line":47,"column":2},"end":{"line":49,"column":3}},"29":{"start":{"line":48,"column":4},"end":{"line":48,"column":35}},"30":{"start":{"line":52,"column":0},"end":{"line":74,"column":2}},"31":{"start":{"line":53,"column":21},"end":{"line":53,"column":55}},"32":{"start":{"line":54,"column":18},"end":{"line":54,"column":67}},"33":{"start":{"line":55,"column":17},"end":{"line":55,"column":31}},"34":{"start":{"line":56,"column":2},"end":{"line":69,"column":3}},"35":{"start":{"line":57,"column":15},"end":{"line":60,"column":9}},"36":{"start":{"line":58,"column":42},"end":{"line":58,"column":54}},"37":{"start":{"line":58,"column":55},"end":{"line":58,"column":110}},"38":{"start":{"line":59,"column":27},"end":{"line":59,"column":46}},"39":{"start":{"line":62,"column":4},"end":{"line":68,"column":5}},"40":{"start":{"line":63,"column":6},"end":{"line":63,"column":75}},"41":{"start":{"line":65,"column":6},"end":{"line":65,"column":51}},"42":{"start":{"line":67,"column":6},"end":{"line":67,"column":28}},"43":{"start":{"line":71,"column":2},"end":{"line":71,"column":105}},"44":{"start":{"line":71,"column":21},"end":{"line":71,"column":105}},"45":{"start":{"line":72,"column":2},"end":{"line":72,"column":103}},"46":{"start":{"line":72,"column":18},"end":{"line":72,"column":103}},"47":{"start":{"line":73,"column":2},"end":{"line":73,"column":26}}},"fnMap":{"0":{"name":"deferPromise","decl":{"start":{"line":18,"column":142},"end":{"line":18,"column":154}},"loc":{"start":{"line":18,"column":157},"end":{"line":18,"column":307}},"line":18},"1":{"name":"(anonymous_1)","decl":{"start":{"line":18,"column":207},"end":{"line":18,"column":208}},"loc":{"start":{"line":18,"column":234},"end":{"line":18,"column":288}},"line":18},"2":{"name":"WorkerPool","decl":{"start":{"line":18,"column":316},"end":{"line":18,"column":326}},"loc":{"start":{"line":18,"column":336},"end":{"line":25,"column":1}},"line":18},"3":{"name":"(anonymous_3)","decl":{"start":{"line":27,"column":33},"end":{"line":27,"column":34}},"loc":{"start":{"line":27,"column":52},"end":{"line":41,"column":1}},"line":27},"4":{"name":"(anonymous_4)","decl":{"start":{"line":43,"column":36},"end":{"line":43,"column":37}},"loc":{"start":{"line":43,"column":52},"end":{"line":50,"column":1}},"line":43},"5":{"name":"(anonymous_5)","decl":{"start":{"line":46,"column":38},"end":{"line":46,"column":39}},"loc":{"start":{"line":46,"column":51},"end":{"line":46,"column":79}},"line":46},"6":{"name":"(anonymous_6)","decl":{"start":{"line":52,"column":27},"end":{"line":52,"column":28}},"loc":{"start":{"line":52,"column":48},"end":{"line":74,"column":1}},"line":52},"7":{"name":"(anonymous_7)","decl":{"start":{"line":58,"column":11},"end":{"line":58,"column":12}},"loc":{"start":{"line":58,"column":27},"end":{"line":58,"column":111}},"line":58},"8":{"name":"(anonymous_8)","decl":{"start":{"line":59,"column":8},"end":{"line":59,"column":9}},"loc":{"start":{"line":59,"column":26},"end":{"line":59,"column":47}},"line":59}},"branchMap":{"0":{"loc":{"start":{"line":19,"column":2},"end":{"line":19,"column":29}},"type":"if","locations":[{"start":{"line":19,"column":2},"end":{"line":19,"column":29}},{"start":{"line":19,"column":2},"end":{"line":19,"column":29}}],"line":19},"1":{"loc":{"start":{"line":28,"column":2},"end":{"line":28,"column":51}},"type":"if","locations":[{"start":{"line":28,"column":2},"end":{"line":28,"column":51}},{"start":{"line":28,"column":2},"end":{"line":28,"column":51}}],"line":28},"2":{"loc":{"start":{"line":30,"column":2},"end":{"line":36,"column":3}},"type":"if","locations":[{"start":{"line":30,"column":2},"end":{"line":36,"column":3}},{"start":{"line":30,"column":2},"end":{"line":36,"column":3}}],"line":30},"3":{"loc":{"start":{"line":45,"column":2},"end":{"line":45,"column":28}},"type":"if","locations":[{"start":{"line":45,"column":2},"end":{"line":45,"column":28}},{"start":{"line":45,"column":2},"end":{"line":45,"column":28}}],"line":45},"4":{"loc":{"start":{"line":47,"column":2},"end":{"line":49,"column":3}},"type":"if","locations":[{"start":{"line":47,"column":2},"end":{"line":49,"column":3}},{"start":{"line":47,"column":2},"end":{"line":49,"column":3}}],"line":47},"5":{"loc":{"start":{"line":56,"column":2},"end":{"line":69,"column":3}},"type":"if","locations":[{"start":{"line":56,"column":2},"end":{"line":69,"column":3}},{"start":{"line":56,"column":2},"end":{"line":69,"column":3}}],"line":56},"6":{"loc":{"start":{"line":56,"column":6},"end":{"line":56,"column":31}},"type":"binary-expr","locations":[{"start":{"line":56,"column":6},"end":{"line":56,"column":18}},{"start":{"line":56,"column":22},"end":{"line":56,"column":31}}],"line":56},"7":{"loc":{"start":{"line":62,"column":4},"end":{"line":68,"column":5}},"type":"if","locations":[{"start":{"line":62,"column":4},"end":{"line":68,"column":5}},{"start":{"line":62,"column":4},"end":{"line":68,"column":5}}],"line":62},"8":{"loc":{"start":{"line":71,"column":2},"end":{"line":71,"column":105}},"type":"if","locations":[{"start":{"line":71,"column":2},"end":{"line":71,"column":105}},{"start":{"line":71,"column":2},"end":{"line":71,"column":105}}],"line":71},"9":{"loc":{"start":{"line":72,"column":2},"end":{"line":72,"column":103}},"type":"if","locations":[{"start":{"line":72,"column":2},"end":{"line":72,"column":103}},{"start":{"line":72,"column":2},"end":{"line":72,"column":103}}],"line":72}},"s":{"0":0,"1":0,"2":0,"3":0,"4":0,"5":0,"6":0,"7":0,"8":0,"9":0,"10":0,"11":0,"12":0,"13":0,"14":0,"15":0,"16":0,"17":0,"18":0,"19":0,"20":0,"21":0,"22":0,"23":0,"24":0,"25":0,"26":0,"27":0,"28":0,"29":0,"30":0,"31":0,"32":0,"33":0,"34":0,"35":0,"36":0,"37":0,"38":0,"39":0,"40":0,"41":0,"42":0,"43":0,"44":0,"45":0,"46":0,"47":0},"f":{"0":0,"1":0,"2":0,"3":0,"4":0,"5":0,"6":0,"7":0,"8":0},"b":{"0":[0,0],"1":[0,0],"2":[0,0],"3":[0,0],"4":[0,0],"5":[0,0],"6":[0,0],"7":[0,0],"8":[0,0],"9":[0,0]}}
,"F:\\worker spase\\simple-web-worker\\src\\createDisposableWorker.js": {"path":"F:\\worker spase\\simple-web-worker\\src\\createDisposableWorker.js","statementMap":{"0":{"start":{"line":1,"column":38},"end":{"line":24,"column":1}},"1":{"start":{"line":2,"column":14},"end":{"line":2,"column":44}},"2":{"start":{"line":3,"column":15},"end":{"line":3,"column":71}},"3":{"start":{"line":4,"column":20},"end":{"line":4,"column":45}},"4":{"start":{"line":5,"column":17},"end":{"line":5,"column":38}},"5":{"start":{"line":6,"column":2},"end":{"line":18,"column":6}},"6":{"start":{"line":7,"column":4},"end":{"line":18,"column":6}},"7":{"start":{"line":8,"column":6},"end":{"line":11,"column":7}},"8":{"start":{"line":9,"column":8},"end":{"line":9,"column":38}},"9":{"start":{"line":10,"column":8},"end":{"line":10,"column":27}},"10":{"start":{"line":12,"column":6},"end":{"line":16,"column":7}},"11":{"start":{"line":13,"column":8},"end":{"line":13,"column":79}},"12":{"start":{"line":14,"column":8},"end":{"line":14,"column":38}},"13":{"start":{"line":15,"column":8},"end":{"line":15,"column":17}},"14":{"start":{"line":17,"column":6},"end":{"line":17,"column":37}},"15":{"start":{"line":19,"column":2},"end":{"line":22,"column":3}},"16":{"start":{"line":20,"column":4},"end":{"line":20,"column":22}},"17":{"start":{"line":21,"column":4},"end":{"line":21,"column":34}},"18":{"start":{"line":23,"column":2},"end":{"line":23,"column":15}}},"fnMap":{"0":{"name":"(anonymous_0)","decl":{"start":{"line":1,"column":38},"end":{"line":1,"column":39}},"loc":{"start":{"line":1,"column":50},"end":{"line":24,"column":1}},"line":1},"1":{"name":"(anonymous_1)","decl":{"start":{"line":6,"column":16},"end":{"line":6,"column":17}},"loc":{"start":{"line":7,"column":4},"end":{"line":18,"column":6}},"line":7},"2":{"name":"(anonymous_2)","decl":{"start":{"line":7,"column":16},"end":{"line":7,"column":17}},"loc":{"start":{"line":7,"column":37},"end":{"line":18,"column":5}},"line":7},"3":{"name":"(anonymous_3)","decl":{"start":{"line":8,"column":25},"end":{"line":8,"column":26}},"loc":{"start":{"line":8,"column":34},"end":{"line":11,"column":7}},"line":8},"4":{"name":"(anonymous_4)","decl":{"start":{"line":12,"column":23},"end":{"line":12,"column":24}},"loc":{"start":{"line":12,"column":28},"end":{"line":16,"column":7}},"line":12},"5":{"name":"(anonymous_5)","decl":{"start":{"line":19,"column":18},"end":{"line":19,"column":19}},"loc":{"start":{"line":19,"column":30},"end":{"line":22,"column":3}},"line":19}},"branchMap":{"0":{"loc":{"start":{"line":2,"column":14},"end":{"line":2,"column":44}},"type":"binary-expr","locations":[{"start":{"line":2,"column":14},"end":{"line":2,"column":24}},{"start":{"line":2,"column":28},"end":{"line":2,"column":44}}],"line":2}},"s":{"0":1,"1":0,"2":0,"3":0,"4":0,"5":0,"6":0,"7":0,"8":0,"9":0,"10":0,"11":0,"12":0,"13":0,"14":0,"15":0,"16":0,"17":0,"18":0},"f":{"0":0,"1":0,"2":0,"3":0,"4":0,"5":0},"b":{"0":[0,0]},"_coverageSchema":"332fd63041d2c1bcb487cc26dd0d5f7d97098a6c","hash":"4b67c9b60126ae73edc61e1497bee8d4eada18e1"}
,"F:\\worker spase\\simple-web-worker\\src\\index.js": {"path":"F:\\worker spase\\simple-web-worker\\src\\index.js","statementMap":{"0":{"start":{"line":1,"column":13},"end":{"line":1,"column":75}},"1":{"start":{"line":1,"column":93},"end":{"line":1,"column":116}},"2":{"start":{"line":3,"column":20},"end":{"line":13,"column":1}},"3":{"start":{"line":4,"column":2},"end":{"line":7,"column":3}},"4":{"start":{"line":5,"column":4},"end":{"line":5,"column":60}},"5":{"start":{"line":6,"column":4},"end":{"line":6,"column":16}},"6":{"start":{"line":8,"column":2},"end":{"line":11,"column":3}},"7":{"start":{"line":9,"column":4},"end":{"line":9,"column":76}},"8":{"start":{"line":10,"column":4},"end":{"line":10,"column":16}},"9":{"start":{"line":12,"column":2},"end":{"line":12,"column":48}},"10":{"start":{"line":15,"column":20},"end":{"line":15,"column":35}},"11":{"start":{"line":15,"column":36},"end":{"line":17,"column":14}}},"fnMap":{"0":{"name":"createWrapper","decl":{"start":{"line":3,"column":29},"end":{"line":3,"column":42}},"loc":{"start":{"line":3,"column":45},"end":{"line":13,"column":1}},"line":3}},"branchMap":{"0":{"loc":{"start":{"line":4,"column":2},"end":{"line":7,"column":3}},"type":"if","locations":[{"start":{"line":4,"column":2},"end":{"line":7,"column":3}},{"start":{"line":4,"column":2},"end":{"line":7,"column":3}}],"line":4},"1":{"loc":{"start":{"line":8,"column":2},"end":{"line":11,"column":3}},"type":"if","locations":[{"start":{"line":8,"column":2},"end":{"line":11,"column":3}},{"start":{"line":8,"column":2},"end":{"line":11,"column":3}}],"line":8},"2":{"loc":{"start":{"line":8,"column":8},"end":{"line":8,"column":70}},"type":"binary-expr","locations":[{"start":{"line":8,"column":8},"end":{"line":8,"column":34}},{"start":{"line":8,"column":38},"end":{"line":8,"column":70}}],"line":8}},"s":{"0":0,"1":0,"2":0,"3":0,"4":0,"5":0,"6":0,"7":0,"8":0,"9":0,"10":0,"11":0},"f":{"0":0},"b":{"0":[0,0],"1":[0,0],"2":[0,0]}}
,"F:\\worker spase\\simple-web-worker\\src\\run.js": {"path":"F:\\worker spase\\simple-web-worker\\src\\run.js","statementMap":{"0":{"start":{"line":4,"column":19},"end":{"line":30,"column":1}},"1":{"start":{"line":5,"column":20},"end":{"line":5,"column":45}},"2":{"start":{"line":6,"column":20},"end":{"line":6,"column":57}},"3":{"start":{"line":7,"column":2},"end":{"line":29,"column":4}},"4":{"start":{"line":8,"column":4},"end":{"line":28,"column":5}},"5":{"start":{"line":9,"column":21},"end":{"line":9,"column":63}},"6":{"start":{"line":10,"column":6},"end":{"line":16,"column":7}},"7":{"start":{"line":11,"column":8},"end":{"line":15,"column":9}},"8":{"start":{"line":12,"column":10},"end":{"line":12,"column":25}},"9":{"start":{"line":14,"column":10},"end":{"line":14,"column":29}},"10":{"start":{"line":18,"column":6},"end":{"line":22,"column":8}},"11":{"start":{"line":19,"column":8},"end":{"line":19,"column":18}},"12":{"start":{"line":21,"column":8},"end":{"line":21,"column":19}},"13":{"start":{"line":24,"column":6},"end":{"line":24,"column":94}},"14":{"start":{"line":24,"column":22},"end":{"line":24,"column":94}},"15":{"start":{"line":25,"column":6},"end":{"line":25,"column":92}},"16":{"start":{"line":25,"column":22},"end":{"line":25,"column":92}},"17":{"start":{"line":27,"column":6},"end":{"line":27,"column":31}}},"fnMap":{"0":{"name":"(anonymous_0)","decl":{"start":{"line":4,"column":19},"end":{"line":4,"column":20}},"loc":{"start":{"line":4,"column":52},"end":{"line":30,"column":1}},"line":4},"1":{"name":"(anonymous_1)","decl":{"start":{"line":7,"column":21},"end":{"line":7,"column":22}},"loc":{"start":{"line":7,"column":42},"end":{"line":29,"column":3}},"line":7},"2":{"name":"(anonymous_2)","decl":{"start":{"line":11,"column":34},"end":{"line":11,"column":35}},"loc":{"start":{"line":11,"column":46},"end":{"line":15,"column":9}},"line":11},"3":{"name":"(anonymous_3)","decl":{"start":{"line":18,"column":33},"end":{"line":18,"column":34}},"loc":{"start":{"line":18,"column":38},"end":{"line":20,"column":7}},"line":18},"4":{"name":"(anonymous_4)","decl":{"start":{"line":20,"column":15},"end":{"line":20,"column":16}},"loc":{"start":{"line":20,"column":22},"end":{"line":22,"column":7}},"line":20}},"branchMap":{"0":{"loc":{"start":{"line":4,"column":20},"end":{"line":4,"column":31}},"type":"default-arg","locations":[{"start":{"line":4,"column":27},"end":{"line":4,"column":31}}],"line":4},"1":{"loc":{"start":{"line":8,"column":4},"end":{"line":28,"column":5}},"type":"if","locations":[{"start":{"line":8,"column":4},"end":{"line":28,"column":5}},{"start":{"line":8,"column":4},"end":{"line":28,"column":5}}],"line":8},"2":{"loc":{"start":{"line":8,"column":8},"end":{"line":8,"column":30}},"type":"binary-expr","locations":[{"start":{"line":8,"column":8},"end":{"line":8,"column":17}},{"start":{"line":8,"column":21},"end":{"line":8,"column":30}}],"line":8},"3":{"loc":{"start":{"line":10,"column":6},"end":{"line":16,"column":7}},"type":"if","locations":[{"start":{"line":10,"column":6},"end":{"line":16,"column":7}},{"start":{"line":10,"column":6},"end":{"line":16,"column":7}}],"line":10},"4":{"loc":{"start":{"line":24,"column":6},"end":{"line":24,"column":94}},"type":"if","locations":[{"start":{"line":24,"column":6},"end":{"line":24,"column":94}},{"start":{"line":24,"column":6},"end":{"line":24,"column":94}}],"line":24},"5":{"loc":{"start":{"line":25,"column":6},"end":{"line":25,"column":92}},"type":"if","locations":[{"start":{"line":25,"column":6},"end":{"line":25,"column":92}},{"start":{"line":25,"column":6},"end":{"line":25,"column":92}}],"line":25}},"s":{"0":1,"1":29,"2":29,"3":29,"4":29,"5":22,"6":22,"7":0,"8":0,"9":0,"10":22,"11":22,"12":0,"13":7,"14":4,"15":7,"16":3,"17":7},"f":{"0":29,"1":29,"2":0,"3":22,"4":0},"b":{"0":[1],"1":[22,7],"2":[29,25],"3":[0,22],"4":[4,3],"5":[3,4]},"_coverageSchema":"332fd63041d2c1bcb487cc26dd0d5f7d97098a6c","hash":"65c849cd3c837f9ec6b540b570cbe7777f40f9e6"}
,"F:\\worker spase\\simple-web-worker\\src\\utils.js": {"path":"F:\\worker spase\\simple-web-worker\\src\\utils.js","statementMap":{"0":{"start":{"line":2,"column":26},"end":{"line":3,"column":82}},"1":{"start":{"line":2,"column":36},"end":{"line":3,"column":82}},"2":{"start":{"line":3,"column":2},"end":{"line":3,"column":82}},"3":{"start":{"line":3,"column":56},"end":{"line":3,"column":81}},"4":{"start":{"line":5,"column":22},"end":{"line":8,"column":1}},"5":{"start":{"line":6,"column":2},"end":{"line":7,"column":69}},"6":{"start":{"line":10,"column":28},"end":{"line":10,"column":59}},"7":{"start":{"line":10,"column":35},"end":{"line":10,"column":59}},"8":{"start":{"line":12,"column":26},"end":{"line":15,"column":1}},"9":{"start":{"line":13,"column":2},"end":{"line":14,"column":62}},"10":{"start":{"line":17,"column":31},"end":{"line":17,"column":66}},"11":{"start":{"line":17,"column":38},"end":{"line":17,"column":66}},"12":{"start":{"line":19,"column":28},"end":{"line":20,"column":38}},"13":{"start":{"line":19,"column":35},"end":{"line":20,"column":38}},"14":{"start":{"line":20,"column":2},"end":{"line":20,"column":38}},"15":{"start":{"line":22,"column":18},"end":{"line":28,"column":1}},"16":{"start":{"line":23,"column":25},"end":{"line":23,"column":49}},"17":{"start":{"line":24,"column":24},"end":{"line":24,"column":62}},"18":{"start":{"line":24,"column":42},"end":{"line":24,"column":61}},"19":{"start":{"line":25,"column":25},"end":{"line":25,"column":51}},"20":{"start":{"line":26,"column":28},"end":{"line":26,"column":55}},"21":{"start":{"line":27,"column":25},"end":{"line":27,"column":68}},"22":{"start":{"line":27,"column":43},"end":{"line":27,"column":67}},"23":{"start":{"line":30,"column":19},"end":{"line":41,"column":1}},"24":{"start":{"line":30,"column":26},"end":{"line":41,"column":1}},"25":{"start":{"line":31,"column":2},"end":{"line":31,"column":42}},"26":{"start":{"line":31,"column":23},"end":{"line":31,"column":42}},"27":{"start":{"line":32,"column":2},"end":{"line":32,"column":52}},"28":{"start":{"line":32,"column":28},"end":{"line":32,"column":52}},"29":{"start":{"line":33,"column":2},"end":{"line":33,"column":50}},"30":{"start":{"line":33,"column":25},"end":{"line":33,"column":50}},"31":{"start":{"line":34,"column":2},"end":{"line":38,"column":3}},"32":{"start":{"line":35,"column":4},"end":{"line":35,"column":58}},"33":{"start":{"line":35,"column":46},"end":{"line":35,"column":58}},"34":{"start":{"line":36,"column":4},"end":{"line":36,"column":37}},"35":{"start":{"line":36,"column":26},"end":{"line":36,"column":37}},"36":{"start":{"line":37,"column":4},"end":{"line":37,"column":31}},"37":{"start":{"line":39,"column":2},"end":{"line":39,"column":48}},"38":{"start":{"line":39,"column":11},"end":{"line":39,"column":48}},"39":{"start":{"line":40,"column":2},"end":{"line":40,"column":14}},"40":{"start":{"line":43,"column":16},"end":{"line":47,"column":1}},"41":{"start":{"line":43,"column":28},"end":{"line":47,"column":1}},"42":{"start":{"line":44,"column":2},"end":{"line":44,"column":81}},"43":{"start":{"line":44,"column":28},"end":{"line":44,"column":81}},"44":{"start":{"line":44,"column":54},"end":{"line":44,"column":80}},"45":{"start":{"line":45,"column":2},"end":{"line":45,"column":46}},"46":{"start":{"line":45,"column":35},"end":{"line":45,"column":46}},"47":{"start":{"line":46,"column":2},"end":{"line":46,"column":14}},"48":{"start":{"line":50,"column":22},"end":{"line":59,"column":1}},"49":{"start":{"line":51,"column":2},"end":{"line":58,"column":3}},"50":{"start":{"line":52,"column":4},"end":{"line":52,"column":126}},"51":{"start":{"line":54,"column":4},"end":{"line":56,"column":5}},"52":{"start":{"line":55,"column":6},"end":{"line":55,"column":133}},"53":{"start":{"line":57,"column":4},"end":{"line":57,"column":13}},"54":{"start":{"line":62,"column":25},"end":{"line":68,"column":1}},"55":{"start":{"line":63,"column":2},"end":{"line":66,"column":3}},"56":{"start":{"line":64,"column":25},"end":{"line":64,"column":40}},"57":{"start":{"line":65,"column":4},"end":{"line":65,"column":61}},"58":{"start":{"line":67,"column":2},"end":{"line":67,"column":31}},"59":{"start":{"line":70,"column":21},"end":{"line":84,"column":1}},"60":{"start":{"line":71,"column":23},"end":{"line":71,"column":41}},"61":{"start":{"line":72,"column":2},"end":{"line":83,"column":1}},"62":{"start":{"line":87,"column":15},"end":{"line":94,"column":1}},"63":{"start":{"line":88,"column":2},"end":{"line":93,"column":3}},"64":{"start":{"line":89,"column":16},"end":{"line":89,"column":28}},"65":{"start":{"line":90,"column":4},"end":{"line":92,"column":5}},"66":{"start":{"line":91,"column":6},"end":{"line":91,"column":65}},"67":{"start":{"line":91,"column":47},"end":{"line":91,"column":65}}},"fnMap":{"0":{"name":"(anonymous_0)","decl":{"start":{"line":2,"column":26},"end":{"line":2,"column":27}},"loc":{"start":{"line":2,"column":36},"end":{"line":3,"column":82}},"line":2},"1":{"name":"(anonymous_1)","decl":{"start":{"line":2,"column":36},"end":{"line":2,"column":37}},"loc":{"start":{"line":3,"column":2},"end":{"line":3,"column":82}},"line":3},"2":{"name":"(anonymous_2)","decl":{"start":{"line":3,"column":47},"end":{"line":3,"column":48}},"loc":{"start":{"line":3,"column":56},"end":{"line":3,"column":81}},"line":3},"3":{"name":"(anonymous_3)","decl":{"start":{"line":5,"column":22},"end":{"line":5,"column":23}},"loc":{"start":{"line":5,"column":29},"end":{"line":8,"column":1}},"line":5},"4":{"name":"(anonymous_4)","decl":{"start":{"line":10,"column":28},"end":{"line":10,"column":29}},"loc":{"start":{"line":10,"column":35},"end":{"line":10,"column":59}},"line":10},"5":{"name":"(anonymous_5)","decl":{"start":{"line":12,"column":26},"end":{"line":12,"column":27}},"loc":{"start":{"line":12,"column":33},"end":{"line":15,"column":1}},"line":12},"6":{"name":"(anonymous_6)","decl":{"start":{"line":17,"column":31},"end":{"line":17,"column":32}},"loc":{"start":{"line":17,"column":38},"end":{"line":17,"column":66}},"line":17},"7":{"name":"(anonymous_7)","decl":{"start":{"line":19,"column":28},"end":{"line":19,"column":29}},"loc":{"start":{"line":19,"column":35},"end":{"line":20,"column":38}},"line":19},"8":{"name":"(anonymous_8)","decl":{"start":{"line":19,"column":35},"end":{"line":19,"column":36}},"loc":{"start":{"line":20,"column":2},"end":{"line":20,"column":38}},"line":20},"9":{"name":"(anonymous_9)","decl":{"start":{"line":23,"column":18},"end":{"line":23,"column":19}},"loc":{"start":{"line":23,"column":25},"end":{"line":23,"column":49}},"line":23},"10":{"name":"(anonymous_10)","decl":{"start":{"line":24,"column":17},"end":{"line":24,"column":18}},"loc":{"start":{"line":24,"column":24},"end":{"line":24,"column":62}},"line":24},"11":{"name":"(anonymous_11)","decl":{"start":{"line":24,"column":34},"end":{"line":24,"column":35}},"loc":{"start":{"line":24,"column":42},"end":{"line":24,"column":61}},"line":24},"12":{"name":"(anonymous_12)","decl":{"start":{"line":25,"column":18},"end":{"line":25,"column":19}},"loc":{"start":{"line":25,"column":25},"end":{"line":25,"column":51}},"line":25},"13":{"name":"(anonymous_13)","decl":{"start":{"line":26,"column":21},"end":{"line":26,"column":22}},"loc":{"start":{"line":26,"column":28},"end":{"line":26,"column":55}},"line":26},"14":{"name":"(anonymous_14)","decl":{"start":{"line":27,"column":18},"end":{"line":27,"column":19}},"loc":{"start":{"line":27,"column":25},"end":{"line":27,"column":68}},"line":27},"15":{"name":"(anonymous_15)","decl":{"start":{"line":27,"column":35},"end":{"line":27,"column":36}},"loc":{"start":{"line":27,"column":43},"end":{"line":27,"column":67}},"line":27},"16":{"name":"(anonymous_16)","decl":{"start":{"line":30,"column":19},"end":{"line":30,"column":20}},"loc":{"start":{"line":30,"column":26},"end":{"line":41,"column":1}},"line":30},"17":{"name":"(anonymous_17)","decl":{"start":{"line":30,"column":26},"end":{"line":30,"column":27}},"loc":{"start":{"line":30,"column":34},"end":{"line":41,"column":1}},"line":30},"18":{"name":"(anonymous_18)","decl":{"start":{"line":43,"column":16},"end":{"line":43,"column":17}},"loc":{"start":{"line":43,"column":28},"end":{"line":47,"column":1}},"line":43},"19":{"name":"(anonymous_19)","decl":{"start":{"line":43,"column":28},"end":{"line":43,"column":29}},"loc":{"start":{"line":43,"column":46},"end":{"line":47,"column":1}},"line":43},"20":{"name":"(anonymous_20)","decl":{"start":{"line":44,"column":46},"end":{"line":44,"column":47}},"loc":{"start":{"line":44,"column":54},"end":{"line":44,"column":80}},"line":44},"21":{"name":"(anonymous_21)","decl":{"start":{"line":50,"column":22},"end":{"line":50,"column":23}},"loc":{"start":{"line":50,"column":71},"end":{"line":59,"column":1}},"line":50},"22":{"name":"(anonymous_22)","decl":{"start":{"line":62,"column":25},"end":{"line":62,"column":26}},"loc":{"start":{"line":62,"column":31},"end":{"line":68,"column":1}},"line":62},"23":{"name":"(anonymous_23)","decl":{"start":{"line":70,"column":21},"end":{"line":70,"column":22}},"loc":{"start":{"line":70,"column":29},"end":{"line":84,"column":1}},"line":70},"24":{"name":"(anonymous_24)","decl":{"start":{"line":87,"column":15},"end":{"line":87,"column":16}},"loc":{"start":{"line":87,"column":33},"end":{"line":94,"column":1}},"line":87}},"branchMap":{"0":{"loc":{"start":{"line":3,"column":2},"end":{"line":3,"column":82}},"type":"binary-expr","locations":[{"start":{"line":3,"column":2},"end":{"line":3,"column":7}},{"start":{"line":3,"column":11},"end":{"line":3,"column":30}},{"start":{"line":3,"column":34},"end":{"line":3,"column":82}}],"line":3},"1":{"loc":{"start":{"line":6,"column":9},"end":{"line":7,"column":69}},"type":"binary-expr","locations":[{"start":{"line":6,"column":9},"end":{"line":6,"column":52}},{"start":{"line":7,"column":4},"end":{"line":7,"column":34}},{"start":{"line":7,"column":38},"end":{"line":7,"column":69}}],"line":6},"2":{"loc":{"start":{"line":13,"column":9},"end":{"line":14,"column":62}},"type":"binary-expr","locations":[{"start":{"line":13,"column":9},"end":{"line":13,"column":52}},{"start":{"line":14,"column":4},"end":{"line":14,"column":27}},{"start":{"line":14,"column":31},"end":{"line":14,"column":62}}],"line":13},"3":{"loc":{"start":{"line":19,"column":36},"end":{"line":19,"column":47}},"type":"default-arg","locations":[{"start":{"line":19,"column":45},"end":{"line":19,"column":47}}],"line":19},"4":{"loc":{"start":{"line":31,"column":2},"end":{"line":31,"column":42}},"type":"if","locations":[{"start":{"line":31,"column":2},"end":{"line":31,"column":42}},{"start":{"line":31,"column":2},"end":{"line":31,"column":42}}],"line":31},"5":{"loc":{"start":{"line":32,"column":2},"end":{"line":32,"column":52}},"type":"if","locations":[{"start":{"line":32,"column":2},"end":{"line":32,"column":52}},{"start":{"line":32,"column":2},"end":{"line":32,"column":52}}],"line":32},"6":{"loc":{"start":{"line":33,"column":2},"end":{"line":33,"column":50}},"type":"if","locations":[{"start":{"line":33,"column":2},"end":{"line":33,"column":50}},{"start":{"line":33,"column":2},"end":{"line":33,"column":50}}],"line":33},"7":{"loc":{"start":{"line":34,"column":2},"end":{"line":38,"column":3}},"type":"if","locations":[{"start":{"line":34,"column":2},"end":{"line":38,"column":3}},{"start":{"line":34,"column":2},"end":{"line":38,"column":3}}],"line":34},"8":{"loc":{"start":{"line":35,"column":4},"end":{"line":35,"column":58}},"type":"if","locations":[{"start":{"line":35,"column":4},"end":{"line":35,"column":58}},{"start":{"line":35,"column":4},"end":{"line":35,"column":58}}],"line":35},"9":{"loc":{"start":{"line":35,"column":8},"end":{"line":35,"column":44}},"type":"binary-expr","locations":[{"start":{"line":35,"column":8},"end":{"line":35,"column":24}},{"start":{"line":35,"column":28},"end":{"line":35,"column":44}}],"line":35},"10":{"loc":{"start":{"line":36,"column":4},"end":{"line":36,"column":37}},"type":"if","locations":[{"start":{"line":36,"column":4},"end":{"line":36,"column":37}},{"start":{"line":36,"column":4},"end":{"line":36,"column":37}}],"line":36},"11":{"loc":{"start":{"line":39,"column":2},"end":{"line":39,"column":48}},"type":"if","locations":[{"start":{"line":39,"column":2},"end":{"line":39,"column":48}},{"start":{"line":39,"column":2},"end":{"line":39,"column":48}}],"line":39},"12":{"loc":{"start":{"line":43,"column":29},"end":{"line":43,"column":41}},"type":"default-arg","locations":[{"start":{"line":43,"column":37},"end":{"line":43,"column":41}}],"line":43},"13":{"loc":{"start":{"line":44,"column":2},"end":{"line":44,"column":81}},"type":"if","locations":[{"start":{"line":44,"column":2},"end":{"line":44,"column":81}},{"start":{"line":44,"column":2},"end":{"line":44,"column":81}}],"line":44},"14":{"loc":{"start":{"line":45,"column":2},"end":{"line":45,"column":46}},"type":"if","locations":[{"start":{"line":45,"column":2},"end":{"line":45,"column":46}},{"start":{"line":45,"column":2},"end":{"line":45,"column":46}}],"line":45},"15":{"loc":{"start":{"line":50,"column":25},"end":{"line":50,"column":38}},"type":"default-arg","locations":[{"start":{"line":50,"column":36},"end":{"line":50,"column":38}}],"line":50},"16":{"loc":{"start":{"line":50,"column":50},"end":{"line":50,"column":64}},"type":"default-arg","locations":[{"start":{"line":50,"column":62},"end":{"line":50,"column":64}}],"line":50},"17":{"loc":{"start":{"line":54,"column":4},"end":{"line":56,"column":5}},"type":"if","locations":[{"start":{"line":54,"column":4},"end":{"line":56,"column":5}},{"start":{"line":54,"column":4},"end":{"line":56,"column":5}}],"line":54},"18":{"loc":{"start":{"line":63,"column":2},"end":{"line":66,"column":3}},"type":"if","locations":[{"start":{"line":63,"column":2},"end":{"line":66,"column":3}},{"start":{"line":63,"column":2},"end":{"line":66,"column":3}}],"line":63},"19":{"loc":{"start":{"line":91,"column":6},"end":{"line":91,"column":65}},"type":"if","locations":[{"start":{"line":91,"column":6},"end":{"line":91,"column":65}},{"start":{"line":91,"column":6},"end":{"line":91,"column":65}}],"line":91},"20":{"loc":{"start":{"line":91,"column":10},"end":{"line":91,"column":45}},"type":"binary-expr","locations":[{"start":{"line":91,"column":10},"end":{"line":91,"column":31}},{"start":{"line":91,"column":35},"end":{"line":91,"column":45}}],"line":91}},"s":{"0":2,"1":22,"2":23,"3":33,"4":2,"5":13,"6":2,"7":3,"8":2,"9":7,"10":2,"11":4,"12":2,"13":2,"14":2,"15":2,"16":3,"17":5,"18":8,"19":2,"20":4,"21":4,"22":8,"23":2,"24":126,"25":126,"26":2,"27":124,"28":26,"29":98,"30":8,"31":90,"32":28,"33":2,"34":26,"35":8,"36":18,"37":62,"38":38,"39":24,"40":2,"41":97,"42":97,"43":38,"44":67,"45":59,"46":38,"47":21,"48":2,"49":12,"50":12,"51":1,"52":1,"53":0,"54":2,"55":2,"56":0,"57":0,"58":2,"59":2,"60":2,"61":2,"62":2,"63":0,"64":0,"65":0,"66":0,"67":0},"f":{"0":22,"1":23,"2":33,"3":13,"4":3,"5":7,"6":4,"7":2,"8":2,"9":3,"10":5,"11":8,"12":2,"13":4,"14":4,"15":8,"16":126,"17":126,"18":97,"19":97,"20":67,"21":12,"22":2,"23":2,"24":0},"b":{"0":[23,23,20],"1":[13,8,7],"2":[7,6,5],"3":[2],"4":[2,124],"5":[26,98],"6":[8,90],"7":[28,62],"8":[2,26],"9":[28,20],"10":[8,18],"11":[38,24],"12":[0],"13":[38,59],"14":[38,21],"15":[1],"16":[8],"17":[1,0],"18":[0,2],"19":[0,0],"20":[0,0]},"_coverageSchema":"332fd63041d2c1bcb487cc26dd0d5f7d97098a6c","hash":"45f570bbc4a80771dee5f62437f81574ea726352"}
}
