TN:
SF:src\createDisposableWorker.js
FN:1,createDisposableWorker
FNF:1
FNH:0
FNDA:0,createDisposableWorker
DA:1,1
DA:2,0
DA:3,0
DA:4,0
DA:5,0
DA:6,0
DA:7,0
DA:8,0
DA:9,0
DA:10,0
DA:11,0
DA:12,0
DA:13,0
DA:14,0
DA:15,0
DA:16,0
DA:17,0
DA:18,0
DA:19,0
DA:20,0
DA:21,0
DA:22,0
DA:23,0
DA:24,0
LF:24
LH:1
BRF:0
BRH:0
end_of_record
TN:
SF:src\run.js
FN:4,run
FN:11,resolver.promise.cancel
FNF:2
FNH:1
FNDA:29,run
FNDA:0,resolver.promise.cancel
DA:1,1
DA:2,1
DA:3,1
DA:4,1
DA:5,29
DA:6,29
DA:7,29
DA:8,29
DA:9,22
DA:10,22
DA:11,0
DA:12,0
DA:13,0
DA:14,0
DA:15,0
DA:16,0
DA:17,22
DA:18,22
DA:19,22
DA:20,22
DA:21,0
DA:22,22
DA:23,29
DA:24,7
DA:25,7
DA:26,7
DA:27,7
DA:28,7
DA:29,29
DA:30,29
LF:30
LH:23
BRDA:4,0,0,29
BRDA:4,1,0,28
BRDA:4,2,0,28
BRDA:4,3,0,1
BRDA:4,4,0,11
BRDA:4,5,0,18
BRDA:4,6,0,0
BRDA:7,7,0,29
BRDA:8,8,0,25
BRDA:8,9,0,22
BRDA:10,10,0,0
BRDA:23,11,0,7
BRDA:24,12,0,4
BRDA:25,13,0,3
BRDA:18,14,0,22
BRF:15
BRH:13
end_of_record
TN:
SF:src\utils.js
FN:2,isValidObjectWith
FN:5,isValidAction
FN:10,isValidActionsArray
FN:12,isValidPostParams
FN:17,isValidPostParamsArray
FN:19,isValidObjectsArray
FN:23,actionsArray
FN:24,arraysArray
FN:25,objectsArray
FN:26,postParamsArray
FN:27,stringsArray
FN:30,isValidArg
FN:43,isValid
FN:50,argumentError
FN:62,getLocalhostPath
FN:70,makeResponse
FN:87,extend
FNF:17
FNH:16
FNDA:22,isValidObjectWith
FNDA:13,isValidAction
FNDA:3,isValidActionsArray
FNDA:7,isValidPostParams
FNDA:4,isValidPostParamsArray
FNDA:2,isValidObjectsArray
FNDA:3,actionsArray
FNDA:5,arraysArray
FNDA:2,objectsArray
FNDA:4,postParamsArray
FNDA:4,stringsArray
FNDA:126,isValidArg
FNDA:97,isValid
FNDA:12,argumentError
FNDA:2,getLocalhostPath
FNDA:2,makeResponse
FNDA:0,extend
DA:1,1
DA:2,1
DA:3,23
DA:4,1
DA:5,1
DA:6,13
DA:7,13
DA:8,13
DA:9,1
DA:10,1
DA:11,1
DA:12,1
DA:13,7
DA:14,7
DA:15,7
DA:16,1
DA:17,1
DA:18,1
DA:19,1
DA:20,2
DA:21,1
DA:22,1
DA:23,1
DA:24,1
DA:25,1
DA:26,1
DA:27,1
DA:28,1
DA:29,1
DA:30,1
DA:31,126
DA:32,126
DA:33,126
DA:34,126
DA:35,28
DA:36,28
DA:37,18
DA:38,18
DA:39,126
DA:40,24
DA:41,24
DA:42,1
DA:43,1
DA:44,97
DA:45,97
DA:46,21
DA:47,21
DA:48,1
DA:49,1
DA:50,1
DA:51,12
DA:52,12
DA:53,12
DA:54,1
DA:55,1
DA:56,1
DA:57,0
DA:58,0
DA:59,12
DA:60,1
DA:61,1
DA:62,1
DA:63,2
DA:64,0
DA:65,0
DA:66,0
DA:67,2
DA:68,2
DA:69,1
DA:70,1
DA:71,2
DA:72,2
DA:73,2
DA:74,2
DA:75,2
DA:76,2
DA:77,2
DA:78,2
DA:79,2
DA:80,2
DA:81,2
DA:82,2
DA:83,2
DA:84,2
DA:85,1
DA:86,1
DA:87,1
DA:88,0
DA:89,0
DA:90,0
DA:91,0
DA:92,0
DA:93,0
DA:94,0
DA:95,1
DA:96,1
DA:97,1
DA:98,1
DA:99,1
DA:100,1
DA:101,1
LF:101
LH:89
BRDA:2,0,0,22
BRDA:2,1,0,23
BRDA:3,2,0,20
BRDA:3,3,0,33
BRDA:5,4,0,13
BRDA:6,5,0,8
BRDA:7,6,0,7
BRDA:10,7,0,3
BRDA:12,8,0,7
BRDA:13,9,0,6
BRDA:14,10,0,5
BRDA:17,11,0,4
BRDA:19,12,0,2
BRDA:19,13,0,2
BRDA:19,14,0,0
BRDA:19,15,0,0
BRDA:23,16,0,3
BRDA:24,17,0,5
BRDA:24,18,0,8
BRDA:25,19,0,2
BRDA:26,20,0,4
BRDA:27,21,0,4
BRDA:27,22,0,8
BRDA:30,23,0,126
BRDA:30,24,0,126
BRDA:31,25,0,2
BRDA:32,26,0,124
BRDA:32,27,0,26
BRDA:33,28,0,98
BRDA:33,29,0,8
BRDA:34,30,0,90
BRDA:34,31,0,28
BRDA:35,32,0,20
BRDA:35,33,0,2
BRDA:36,34,0,26
BRDA:36,35,0,8
BRDA:37,36,0,18
BRDA:38,37,0,62
BRDA:39,38,0,38
BRDA:39,39,0,24
BRDA:43,40,0,97
BRDA:43,41,0,97
BRDA:43,42,0,0
BRDA:44,43,0,68
BRDA:44,44,0,38
BRDA:45,45,0,59
BRDA:45,46,0,38
BRDA:46,47,0,21
BRDA:44,48,0,67
BRDA:50,49,0,12
BRDA:50,50,0,1
BRDA:50,51,0,11
BRDA:50,52,0,8
BRDA:50,53,0,4
BRDA:53,54,0,1
BRDA:56,55,0,0
BRDA:62,56,0,2
BRDA:63,57,0,0
BRDA:70,58,0,2
BRF:59
BRH:54
end_of_record
TN:
SF:src\tests\unit\ModuleRun\CorrectCases.js
FN:3,_default
FN:127,run.ret
FNF:2
FNH:2
FNDA:1,_default
FNDA:1,run.ret
DA:1,1
DA:2,1
DA:3,1
DA:4,1
DA:5,1
DA:6,1
DA:7,1
DA:8,1
DA:9,1
DA:10,1
DA:11,1
DA:12,1
DA:13,1
DA:14,1
DA:15,1
DA:16,1
DA:17,1
DA:18,1
DA:19,1
DA:20,1
DA:21,1
DA:22,1
DA:23,1
DA:24,1
DA:25,1
DA:26,1
DA:27,1
DA:28,1
DA:29,1
DA:30,1
DA:31,1
DA:32,1
DA:33,1
DA:34,1
DA:35,1
DA:36,1
DA:37,1
DA:38,1
DA:39,1
DA:40,1
DA:41,1
DA:42,1
DA:43,1
DA:44,1
DA:45,1
DA:46,1
DA:47,1
DA:48,1
DA:49,1
DA:50,1
DA:51,1
DA:52,1
DA:53,1
DA:54,1
DA:55,1
DA:56,1
DA:57,1
DA:58,1
DA:59,1
DA:60,1
DA:61,1
DA:62,1
DA:63,1
DA:64,1
DA:65,1
DA:66,1
DA:67,1
DA:68,1
DA:69,1
DA:70,1
DA:71,1
DA:72,1
DA:73,1
DA:74,1
DA:75,1
DA:76,1
DA:77,1
DA:78,1
DA:79,1
DA:80,1
DA:81,1
DA:82,1
DA:83,1
DA:84,1
DA:85,1
DA:86,1
DA:87,1
DA:88,1
DA:89,1
DA:90,1
DA:91,1
DA:92,1
DA:93,1
DA:94,1
DA:95,1
DA:96,1
DA:97,1
DA:98,1
DA:99,1
DA:100,1
DA:101,1
DA:102,1
DA:103,1
DA:104,1
DA:105,1
DA:106,1
DA:107,1
DA:108,1
DA:109,1
DA:110,1
DA:111,1
DA:112,1
DA:113,1
DA:114,1
DA:115,1
DA:116,1
DA:117,1
DA:118,1
DA:119,1
DA:120,1
DA:121,1
DA:122,1
DA:123,1
DA:124,1
DA:125,1
DA:126,1
DA:127,1
DA:128,1
DA:129,1
DA:130,1
DA:131,1
DA:132,1
DA:133,1
DA:134,1
DA:135,1
DA:136,1
DA:137,1
DA:138,1
DA:139,1
DA:140,1
LF:140
LH:140
BRDA:3,0,0,1
BRDA:4,1,0,1
BRDA:5,2,0,1
BRDA:6,3,0,1
BRDA:7,4,0,1
BRDA:10,5,0,1
BRDA:11,6,0,1
BRDA:14,7,0,1
BRDA:15,8,0,1
BRDA:18,9,0,1
BRDA:19,10,0,1
BRDA:22,11,0,1
BRDA:23,12,0,1
BRDA:26,13,0,1
BRDA:27,14,0,1
BRDA:30,15,0,1
BRDA:31,16,0,1
BRDA:36,17,0,1
BRDA:37,18,0,1
BRDA:38,19,0,1
BRDA:40,20,0,1
BRDA:46,21,0,1
BRDA:48,22,0,1
BRDA:52,23,0,1
BRDA:54,24,0,1
BRDA:58,25,0,1
BRDA:60,26,0,1
BRDA:64,27,0,1
BRDA:66,28,0,1
BRDA:70,29,0,1
BRDA:72,30,0,1
BRDA:76,31,0,1
BRDA:78,32,0,1
BRDA:84,33,0,1
BRDA:85,34,0,1
BRDA:87,35,0,1
BRDA:93,36,0,1
BRDA:95,37,0,1
BRDA:100,38,0,1
BRDA:102,39,0,1
BRDA:102,40,0,0
BRDA:102,41,0,0
BRDA:107,42,0,1
BRDA:109,43,0,1
BRDA:113,44,0,1
BRDA:115,45,0,1
BRDA:119,46,0,1
BRDA:121,47,0,1
BRDA:125,48,0,1
BRDA:127,49,0,1
BRDA:131,50,0,1
BRDA:133,51,0,1
BRF:52
BRH:50
end_of_record
TN:
SF:src\tests\unit\ModuleRun\WrongCases.js
FN:3,_default
FN:66,run.arg1
FNF:2
FNH:1
FNDA:1,_default
FNDA:0,run.arg1
DA:1,1
DA:2,1
DA:3,1
DA:4,1
DA:5,1
DA:6,1
DA:7,1
DA:8,1
DA:9,1
DA:10,1
DA:11,1
DA:12,1
DA:13,1
DA:14,1
DA:15,1
DA:16,1
DA:17,1
DA:18,1
DA:19,1
DA:20,1
DA:21,1
DA:22,1
DA:23,1
DA:24,1
DA:25,1
DA:26,1
DA:27,1
DA:28,1
DA:29,1
DA:30,1
DA:31,1
DA:32,1
DA:33,1
DA:34,1
DA:35,1
DA:36,1
DA:37,1
DA:38,1
DA:39,1
DA:40,1
DA:41,1
DA:42,1
DA:43,1
DA:44,1
DA:45,1
DA:46,1
DA:47,1
DA:48,1
DA:49,1
DA:50,1
DA:51,1
DA:52,1
DA:53,1
DA:54,1
DA:55,1
DA:56,1
DA:57,1
DA:58,1
DA:59,1
DA:60,1
DA:61,1
DA:62,1
DA:63,1
DA:64,1
DA:65,1
DA:66,1
DA:67,1
DA:68,1
DA:69,1
DA:70,1
DA:71,1
DA:72,1
DA:73,1
DA:74,1
DA:75,1
DA:76,1
DA:77,1
DA:78,1
DA:79,1
DA:80,1
DA:81,1
DA:82,1
DA:83,1
DA:84,1
DA:85,1
DA:86,1
DA:87,1
DA:88,1
DA:89,1
DA:90,1
DA:91,1
DA:92,1
DA:93,1
DA:94,1
DA:95,1
DA:96,1
DA:97,1
DA:98,1
DA:99,1
DA:100,1
DA:101,1
DA:102,1
DA:103,1
DA:104,1
DA:105,1
DA:106,1
DA:107,1
DA:108,1
DA:109,1
DA:110,1
DA:111,1
DA:112,1
DA:113,1
LF:113
LH:113
BRDA:3,0,0,1
BRDA:4,1,0,1
BRDA:5,2,0,1
BRDA:6,3,0,1
BRDA:7,4,0,1
BRDA:10,5,0,1
BRDA:17,6,0,1
BRDA:20,7,0,1
BRDA:30,8,0,1
BRDA:33,9,0,1
BRDA:40,10,0,1
BRDA:43,11,0,1
BRDA:52,12,0,1
BRDA:53,13,0,1
BRDA:56,14,0,1
BRDA:63,15,0,1
BRDA:66,16,0,1
BRDA:73,17,0,1
BRDA:76,18,0,1
BRDA:86,19,0,1
BRDA:87,20,0,1
BRDA:88,21,0,1
BRDA:91,22,0,1
BRDA:94,23,0,1
BRDA:97,24,0,1
BRDA:101,25,0,1
BRDA:102,26,0,1
BRDA:105,27,0,1
BRDA:108,28,0,1
BRF:29
BRH:29
end_of_record
TN:
SF:src\tests\unit\ModuleUtils\CorrectCases.js
FN:10,_default
FN:146,func
FN:152,func
FN:153,func
FN:168,func
FN:217,func
FN:223,func
FN:224,func
FNF:8
FNH:1
FNDA:1,_default
FNDA:0,func
FNDA:0,func
FNDA:0,func
FNDA:0,func
FNDA:0,func
FNDA:0,func
FNDA:0,func
DA:1,1
DA:2,1
DA:3,1
DA:4,0
DA:5,0
DA:6,0
DA:7,1
DA:8,1
DA:9,1
DA:10,1
DA:11,1
DA:12,1
DA:13,1
DA:14,1
DA:15,1
DA:16,1
DA:17,1
DA:18,1
DA:19,1
DA:20,1
DA:21,1
DA:22,1
DA:23,1
DA:24,1
DA:25,1
DA:26,1
DA:27,1
DA:28,1
DA:29,1
DA:30,1
DA:31,1
DA:32,1
DA:33,1
DA:34,1
DA:35,1
DA:36,1
DA:37,1
DA:38,1
DA:39,1
DA:40,1
DA:41,1
DA:42,1
DA:43,1
DA:44,1
DA:45,1
DA:46,1
DA:47,1
DA:48,1
DA:49,1
DA:50,1
DA:51,1
DA:52,1
DA:53,1
DA:54,1
DA:55,1
DA:56,1
DA:57,1
DA:58,1
DA:59,1
DA:60,1
DA:61,1
DA:62,1
DA:63,1
DA:64,1
DA:65,1
DA:66,1
DA:67,1
DA:68,1
DA:69,1
DA:70,1
DA:71,1
DA:72,1
DA:73,1
DA:74,1
DA:75,1
DA:76,1
DA:77,1
DA:78,1
DA:79,1
DA:80,1
DA:81,1
DA:82,1
DA:83,1
DA:84,1
DA:85,1
DA:86,1
DA:87,1
DA:88,1
DA:89,1
DA:90,1
DA:91,1
DA:92,1
DA:93,1
DA:94,1
DA:95,1
DA:96,1
DA:97,1
DA:98,1
DA:99,1
DA:100,1
DA:101,1
DA:102,1
DA:103,1
DA:104,1
DA:105,1
DA:106,1
DA:107,1
DA:108,1
DA:109,1
DA:110,1
DA:111,1
DA:112,1
DA:113,1
DA:114,1
DA:115,1
DA:116,1
DA:117,1
DA:118,1
DA:119,1
DA:120,1
DA:121,1
DA:122,1
DA:123,1
DA:124,1
DA:125,1
DA:126,1
DA:127,1
DA:128,1
DA:129,1
DA:130,1
DA:131,1
DA:132,1
DA:133,1
DA:134,1
DA:135,1
DA:136,1
DA:137,1
DA:138,1
DA:139,1
DA:140,1
DA:141,1
DA:142,1
DA:143,1
DA:144,1
DA:145,1
DA:146,1
DA:147,1
DA:148,1
DA:149,1
DA:150,1
DA:151,1
DA:152,1
DA:153,1
DA:154,1
DA:155,1
DA:156,1
DA:157,1
DA:158,1
DA:159,1
DA:160,1
DA:161,1
DA:162,1
DA:163,1
DA:164,1
DA:165,1
DA:166,1
DA:167,1
DA:168,1
DA:169,1
DA:170,1
DA:171,1
DA:172,1
DA:173,1
DA:174,1
DA:175,1
DA:176,1
DA:177,1
DA:178,1
DA:179,1
DA:180,1
DA:181,1
DA:182,1
DA:183,1
DA:184,1
DA:185,1
DA:186,1
DA:187,1
DA:188,1
DA:189,1
DA:190,1
DA:191,1
DA:192,1
DA:193,1
DA:194,1
DA:195,1
DA:196,1
DA:197,1
DA:198,1
DA:199,1
DA:200,1
DA:201,1
DA:202,1
DA:203,1
DA:204,1
DA:205,1
DA:206,1
DA:207,1
DA:208,1
DA:209,1
DA:210,1
DA:211,1
DA:212,1
DA:213,1
DA:214,1
DA:215,1
DA:216,1
DA:217,1
DA:218,1
DA:219,1
DA:220,1
DA:221,1
DA:222,1
DA:223,1
DA:224,1
DA:225,1
DA:226,1
DA:227,1
DA:228,1
DA:229,1
DA:230,1
DA:231,1
DA:232,1
DA:233,1
DA:234,1
DA:235,1
DA:236,1
DA:237,1
DA:238,1
DA:239,1
DA:240,1
DA:241,1
DA:242,1
DA:243,1
DA:244,1
DA:245,1
DA:246,1
DA:247,1
DA:248,1
DA:249,1
DA:250,1
DA:251,1
DA:252,1
DA:253,1
DA:254,1
DA:255,1
DA:256,1
LF:256
LH:253
BRDA:2,0,0,1
BRDA:3,1,0,0
BRDA:10,2,0,1
BRDA:11,3,0,1
BRDA:12,4,0,1
BRDA:13,5,0,1
BRDA:33,6,0,1
BRDA:51,7,0,1
BRDA:52,8,0,1
BRDA:53,9,0,1
BRDA:64,10,0,1
BRDA:74,11,0,1
BRDA:84,12,0,1
BRDA:95,13,0,1
BRDA:108,14,0,1
BRDA:109,15,0,1
BRDA:110,16,0,1
BRDA:115,17,0,1
BRDA:120,18,0,1
BRDA:125,19,0,1
BRDA:130,20,0,1
BRDA:135,21,0,1
BRDA:140,22,0,1
BRDA:145,23,0,1
BRDA:150,24,0,1
BRDA:159,25,0,1
BRDA:165,26,0,1
BRDA:174,27,0,1
BRDA:183,28,0,1
BRDA:190,29,0,1
BRDA:191,30,0,1
BRDA:192,31,0,1
BRDA:197,32,0,1
BRDA:203,33,0,1
BRDA:204,34,0,1
BRDA:209,35,0,1
BRDA:215,36,0,1
BRDA:216,37,0,1
BRDA:221,38,0,1
BRDA:231,39,0,1
BRDA:232,40,0,1
BRDA:238,41,0,1
BRDA:247,42,0,1
BRF:43
BRH:42
end_of_record
TN:
SF:src\tests\unit\ModuleUtils\WrongCases.js
FN:3,_default
FN:42,b
FN:44,func
FN:46,b
FN:50,func
FN:57,func
FN:64,func
FN:72,func
FNF:8
FNH:1
FNDA:1,_default
FNDA:0,b
FNDA:0,func
FNDA:0,b
FNDA:0,func
FNDA:0,func
FNDA:0,func
FNDA:0,func
DA:1,1
DA:2,1
DA:3,1
DA:4,1
DA:5,1
DA:6,1
DA:7,1
DA:8,1
DA:9,1
DA:10,1
DA:11,1
DA:12,1
DA:13,1
DA:14,1
DA:15,1
DA:16,1
DA:17,1
DA:18,1
DA:19,1
DA:20,1
DA:21,1
DA:22,1
DA:23,1
DA:24,1
DA:25,1
DA:26,1
DA:27,1
DA:28,1
DA:29,1
DA:30,1
DA:31,1
DA:32,1
DA:33,1
DA:34,1
DA:35,1
DA:36,1
DA:37,1
DA:38,1
DA:39,1
DA:40,1
DA:41,1
DA:42,1
DA:43,1
DA:44,1
DA:45,1
DA:46,1
DA:47,1
DA:48,1
DA:49,1
DA:50,1
DA:51,1
DA:52,1
DA:53,1
DA:54,1
DA:55,1
DA:56,1
DA:57,1
DA:58,1
DA:59,1
DA:60,1
DA:61,1
DA:62,1
DA:63,1
DA:64,1
DA:65,1
DA:66,1
DA:67,1
DA:68,1
DA:69,1
DA:70,1
DA:71,1
DA:72,1
DA:73,1
DA:74,1
DA:75,1
DA:76,1
DA:77,1
DA:78,1
DA:79,1
DA:80,1
DA:81,1
DA:82,1
DA:83,1
DA:84,1
DA:85,1
DA:86,1
DA:87,1
DA:88,1
DA:89,1
DA:90,1
DA:91,1
DA:92,1
DA:93,1
DA:94,1
LF:94
LH:94
BRDA:3,0,0,1
BRDA:4,1,0,1
BRDA:5,2,0,1
BRDA:6,3,0,1
BRDA:11,4,0,1
BRDA:16,5,0,1
BRDA:21,6,0,1
BRDA:26,7,0,1
BRDA:31,8,0,1
BRDA:36,9,0,1
BRDA:41,10,0,1
BRDA:54,11,0,1
BRDA:63,12,0,1
BRDA:69,13,0,1
BRDA:78,14,0,1
BRDA:87,15,0,1
BRF:16
BRH:16
end_of_record
