TN:
SF:F:\worker spase\simple-web-worker\src\TaskPool.js
FN:30,getUuid
FN:30,TaskPool
FN:38,(anonymous_2)
FN:54,cancel
FN:56,(anonymous_4)
FN:69,(anonymous_5)
FN:73,(anonymous_6)
FN:82,(anonymous_7)
FN:85,(anonymous_8)
FN:88,(anonymous_9)
FN:93,(anonymous_10)
FNF:11
FNH:0
FNDA:0,getUuid
FNDA:0,TaskPool
FNDA:0,(anonymous_2)
FNDA:0,cancel
FNDA:0,(anonymous_4)
FNDA:0,(anonymous_5)
FNDA:0,(anonymous_6)
FNDA:0,(anonymous_7)
FNDA:0,(anonymous_8)
FNDA:0,(anonymous_9)
FNDA:0,(anonymous_10)
DA:1,0
DA:30,0
DA:31,0
DA:32,0
DA:33,0
DA:34,0
DA:35,0
DA:38,0
DA:39,0
DA:40,0
DA:41,0
DA:52,0
DA:55,0
DA:56,0
DA:57,0
DA:58,0
DA:59,0
DA:60,0
DA:62,0
DA:63,0
DA:66,0
DA:69,0
DA:70,0
DA:71,0
DA:73,0
DA:74,0
DA:76,0
DA:78,0
DA:79,0
DA:80,0
DA:81,0
DA:82,0
DA:83,0
DA:84,0
DA:86,0
DA:87,0
DA:89,0
DA:90,0
DA:92,0
DA:93,0
DA:94,0
LF:41
LH:0
BRDA:31,0,0,0
BRDA:31,0,1,0
BRDA:39,1,0,0
BRDA:39,1,1,0
BRDA:57,2,0,0
BRDA:57,2,1,0
BRDA:70,3,0,0
BRDA:70,3,1,0
BRDA:71,4,0,0
BRDA:71,4,1,0
BRDA:71,5,0,0
BRDA:71,5,1,0
BRDA:79,6,0,0
BRDA:79,6,1,0
BRDA:92,7,0,0
BRDA:92,7,1,0
BRF:16
BRH:0
end_of_record
TN:
SF:F:\worker spase\simple-web-worker\src\WorkerPool.js
FN:18,deferPromise
FN:18,(anonymous_1)
FN:18,WorkerPool
FN:27,(anonymous_3)
FN:43,(anonymous_4)
FN:46,(anonymous_5)
FN:52,(anonymous_6)
FN:58,(anonymous_7)
FN:59,(anonymous_8)
FNF:9
FNH:0
FNDA:0,deferPromise
FNDA:0,(anonymous_1)
FNDA:0,WorkerPool
FNDA:0,(anonymous_3)
FNDA:0,(anonymous_4)
FNDA:0,(anonymous_5)
FNDA:0,(anonymous_6)
FNDA:0,(anonymous_7)
FNDA:0,(anonymous_8)
DA:1,0
DA:18,0
DA:19,0
DA:20,0
DA:21,0
DA:24,0
DA:27,0
DA:28,0
DA:30,0
DA:31,0
DA:37,0
DA:39,0
DA:43,0
DA:44,0
DA:45,0
DA:46,0
DA:47,0
DA:48,0
DA:52,0
DA:53,0
DA:54,0
DA:55,0
DA:56,0
DA:57,0
DA:58,0
DA:59,0
DA:62,0
DA:63,0
DA:65,0
DA:67,0
DA:71,0
DA:72,0
DA:73,0
LF:33
LH:0
BRDA:19,0,0,0
BRDA:19,0,1,0
BRDA:28,1,0,0
BRDA:28,1,1,0
BRDA:30,2,0,0
BRDA:30,2,1,0
BRDA:45,3,0,0
BRDA:45,3,1,0
BRDA:47,4,0,0
BRDA:47,4,1,0
BRDA:56,5,0,0
BRDA:56,5,1,0
BRDA:56,6,0,0
BRDA:56,6,1,0
BRDA:62,7,0,0
BRDA:62,7,1,0
BRDA:71,8,0,0
BRDA:71,8,1,0
BRDA:72,9,0,0
BRDA:72,9,1,0
BRF:20
BRH:0
end_of_record
TN:
SF:F:\worker spase\simple-web-worker\src\createDisposableWorker.js
FN:1,(anonymous_0)
FN:6,(anonymous_1)
FN:7,(anonymous_2)
FN:8,(anonymous_3)
FN:12,(anonymous_4)
FN:19,(anonymous_5)
FNF:6
FNH:0
FNDA:0,(anonymous_0)
FNDA:0,(anonymous_1)
FNDA:0,(anonymous_2)
FNDA:0,(anonymous_3)
FNDA:0,(anonymous_4)
FNDA:0,(anonymous_5)
DA:1,1
DA:2,0
DA:3,0
DA:4,0
DA:5,0
DA:6,0
DA:7,0
DA:8,0
DA:9,0
DA:10,0
DA:12,0
DA:13,0
DA:14,0
DA:15,0
DA:17,0
DA:19,0
DA:20,0
DA:21,0
DA:23,0
LF:19
LH:1
BRDA:2,0,0,0
BRDA:2,0,1,0
BRF:2
BRH:0
end_of_record
TN:
SF:F:\worker spase\simple-web-worker\src\index.js
FN:3,createWrapper
FNF:1
FNH:0
FNDA:0,createWrapper
DA:1,0
DA:3,0
DA:4,0
DA:5,0
DA:6,0
DA:8,0
DA:9,0
DA:10,0
DA:12,0
DA:15,0
LF:10
LH:0
BRDA:4,0,0,0
BRDA:4,0,1,0
BRDA:8,1,0,0
BRDA:8,1,1,0
BRDA:8,2,0,0
BRDA:8,2,1,0
BRF:6
BRH:0
end_of_record
TN:
SF:F:\worker spase\simple-web-worker\src\run.js
FN:4,(anonymous_0)
FN:7,(anonymous_1)
FN:11,(anonymous_2)
FN:18,(anonymous_3)
FN:20,(anonymous_4)
FNF:5
FNH:3
FNDA:29,(anonymous_0)
FNDA:29,(anonymous_1)
FNDA:0,(anonymous_2)
FNDA:22,(anonymous_3)
FNDA:0,(anonymous_4)
DA:4,1
DA:5,29
DA:6,29
DA:7,29
DA:8,29
DA:9,22
DA:10,22
DA:11,0
DA:12,0
DA:14,0
DA:18,22
DA:19,22
DA:21,0
DA:24,7
DA:25,7
DA:27,7
LF:16
LH:12
BRDA:4,0,0,1
BRDA:8,1,0,22
BRDA:8,1,1,7
BRDA:8,2,0,29
BRDA:8,2,1,25
BRDA:10,3,0,0
BRDA:10,3,1,22
BRDA:24,4,0,4
BRDA:24,4,1,3
BRDA:25,5,0,3
BRDA:25,5,1,4
BRF:11
BRH:10
end_of_record
TN:
SF:F:\worker spase\simple-web-worker\src\utils.js
FN:2,(anonymous_0)
FN:2,(anonymous_1)
FN:3,(anonymous_2)
FN:5,(anonymous_3)
FN:10,(anonymous_4)
FN:12,(anonymous_5)
FN:17,(anonymous_6)
FN:19,(anonymous_7)
FN:19,(anonymous_8)
FN:23,(anonymous_9)
FN:24,(anonymous_10)
FN:24,(anonymous_11)
FN:25,(anonymous_12)
FN:26,(anonymous_13)
FN:27,(anonymous_14)
FN:27,(anonymous_15)
FN:30,(anonymous_16)
FN:30,(anonymous_17)
FN:43,(anonymous_18)
FN:43,(anonymous_19)
FN:44,(anonymous_20)
FN:50,(anonymous_21)
FN:62,(anonymous_22)
FN:70,(anonymous_23)
FN:87,(anonymous_24)
FNF:25
FNH:24
FNDA:22,(anonymous_0)
FNDA:23,(anonymous_1)
FNDA:33,(anonymous_2)
FNDA:13,(anonymous_3)
FNDA:3,(anonymous_4)
FNDA:7,(anonymous_5)
FNDA:4,(anonymous_6)
FNDA:2,(anonymous_7)
FNDA:2,(anonymous_8)
FNDA:3,(anonymous_9)
FNDA:5,(anonymous_10)
FNDA:8,(anonymous_11)
FNDA:2,(anonymous_12)
FNDA:4,(anonymous_13)
FNDA:4,(anonymous_14)
FNDA:8,(anonymous_15)
FNDA:126,(anonymous_16)
FNDA:126,(anonymous_17)
FNDA:97,(anonymous_18)
FNDA:97,(anonymous_19)
FNDA:67,(anonymous_20)
FNDA:12,(anonymous_21)
FNDA:2,(anonymous_22)
FNDA:2,(anonymous_23)
FNDA:0,(anonymous_24)
DA:2,22
DA:3,33
DA:5,2
DA:6,13
DA:10,3
DA:12,2
DA:13,7
DA:17,4
DA:19,2
DA:20,2
DA:22,2
DA:23,3
DA:24,8
DA:25,2
DA:26,4
DA:27,8
DA:30,126
DA:31,126
DA:32,124
DA:33,98
DA:34,90
DA:35,28
DA:36,26
DA:37,18
DA:39,62
DA:40,24
DA:43,97
DA:44,97
DA:45,59
DA:46,21
DA:50,2
DA:51,12
DA:52,12
DA:54,1
DA:55,1
DA:57,0
DA:62,2
DA:63,2
DA:64,0
DA:65,0
DA:67,2
DA:70,2
DA:71,2
DA:72,2
DA:87,2
DA:88,0
DA:89,0
DA:90,0
DA:91,0
LF:49
LH:42
BRDA:3,0,0,23
BRDA:3,0,1,23
BRDA:3,0,2,20
BRDA:6,1,0,13
BRDA:6,1,1,8
BRDA:6,1,2,7
BRDA:13,2,0,7
BRDA:13,2,1,6
BRDA:13,2,2,5
BRDA:19,3,0,2
BRDA:31,4,0,2
BRDA:31,4,1,124
BRDA:32,5,0,26
BRDA:32,5,1,98
BRDA:33,6,0,8
BRDA:33,6,1,90
BRDA:34,7,0,28
BRDA:34,7,1,62
BRDA:35,8,0,2
BRDA:35,8,1,26
BRDA:35,9,0,28
BRDA:35,9,1,20
BRDA:36,10,0,8
BRDA:36,10,1,18
BRDA:39,11,0,38
BRDA:39,11,1,24
BRDA:43,12,0,0
BRDA:44,13,0,38
BRDA:44,13,1,59
BRDA:45,14,0,38
BRDA:45,14,1,21
BRDA:50,15,0,1
BRDA:50,16,0,8
BRDA:54,17,0,1
BRDA:54,17,1,0
BRDA:63,18,0,0
BRDA:63,18,1,2
BRDA:91,19,0,0
BRDA:91,19,1,0
BRDA:91,20,0,0
BRDA:91,20,1,0
BRF:41
BRH:34
end_of_record
